running egg_info
creating ../../build/formation_control/formation_control.egg-info
writing ../../build/formation_control/formation_control.egg-info/PKG-INFO
writing dependency_links to ../../build/formation_control/formation_control.egg-info/dependency_links.txt
writing entry points to ../../build/formation_control/formation_control.egg-info/entry_points.txt
writing requirements to ../../build/formation_control/formation_control.egg-info/requires.txt
writing top-level names to ../../build/formation_control/formation_control.egg-info/top_level.txt
writing manifest file '../../build/formation_control/formation_control.egg-info/SOURCES.txt'
reading manifest file '../../build/formation_control/formation_control.egg-info/SOURCES.txt'
writing manifest file '../../build/formation_control/formation_control.egg-info/SOURCES.txt'
running build
running build_py
creating /home/abdoulaziz/swarm/formation_ws/build/formation_control/build
creating /home/abdoulaziz/swarm/formation_ws/build/formation_control/build/lib
creating /home/abdoulaziz/swarm/formation_ws/build/formation_control/build/lib/formation_control
copying formation_control/px4_io.py -> /home/abdoulaziz/swarm/formation_ws/build/formation_control/build/lib/formation_control
copying formation_control/phases.py -> /home/abdoulaziz/swarm/formation_ws/build/formation_control/build/lib/formation_control
copying formation_control/coordinator_node.py -> /home/abdoulaziz/swarm/formation_ws/build/formation_control/build/lib/formation_control
copying formation_control/__init__.py -> /home/abdoulaziz/swarm/formation_ws/build/formation_control/build/lib/formation_control
copying formation_control/drone_interface_node.py -> /home/abdoulaziz/swarm/formation_ws/build/formation_control/build/lib/formation_control
running install
running install_lib
creating /home/abdoulaziz/swarm/formation_ws/install/formation_control/lib/python3.10/site-packages/formation_control
copying /home/abdoulaziz/swarm/formation_ws/build/formation_control/build/lib/formation_control/px4_io.py -> /home/abdoulaziz/swarm/formation_ws/install/formation_control/lib/python3.10/site-packages/formation_control
copying /home/abdoulaziz/swarm/formation_ws/build/formation_control/build/lib/formation_control/phases.py -> /home/abdoulaziz/swarm/formation_ws/install/formation_control/lib/python3.10/site-packages/formation_control
copying /home/abdoulaziz/swarm/formation_ws/build/formation_control/build/lib/formation_control/coordinator_node.py -> /home/abdoulaziz/swarm/formation_ws/install/formation_control/lib/python3.10/site-packages/formation_control
copying /home/abdoulaziz/swarm/formation_ws/build/formation_control/build/lib/formation_control/__init__.py -> /home/abdoulaziz/swarm/formation_ws/install/formation_control/lib/python3.10/site-packages/formation_control
copying /home/abdoulaziz/swarm/formation_ws/build/formation_control/build/lib/formation_control/drone_interface_node.py -> /home/abdoulaziz/swarm/formation_ws/install/formation_control/lib/python3.10/site-packages/formation_control
byte-compiling /home/abdoulaziz/swarm/formation_ws/install/formation_control/lib/python3.10/site-packages/formation_control/px4_io.py to px4_io.cpython-310.pyc
byte-compiling /home/abdoulaziz/swarm/formation_ws/install/formation_control/lib/python3.10/site-packages/formation_control/phases.py to phases.cpython-310.pyc
byte-compiling /home/abdoulaziz/swarm/formation_ws/install/formation_control/lib/python3.10/site-packages/formation_control/coordinator_node.py to coordinator_node.cpython-310.pyc
byte-compiling /home/abdoulaziz/swarm/formation_ws/install/formation_control/lib/python3.10/site-packages/formation_control/__init__.py to __init__.cpython-310.pyc
byte-compiling /home/abdoulaziz/swarm/formation_ws/install/formation_control/lib/python3.10/site-packages/formation_control/drone_interface_node.py to drone_interface_node.cpython-310.pyc
running install_data
creating /home/abdoulaziz/swarm/formation_ws/install/formation_control/share/ament_index
creating /home/abdoulaziz/swarm/formation_ws/install/formation_control/share/ament_index/resource_index
creating /home/abdoulaziz/swarm/formation_ws/install/formation_control/share/ament_index/resource_index/packages
copying resource/formation_control -> /home/abdoulaziz/swarm/formation_ws/install/formation_control/share/ament_index/resource_index/packages
copying package.xml -> /home/abdoulaziz/swarm/formation_ws/install/formation_control/share/formation_control
running install_egg_info
Copying ../../build/formation_control/formation_control.egg-info to /home/abdoulaziz/swarm/formation_ws/install/formation_control/lib/python3.10/site-packages/formation_control-0.1.0-py3.10.egg-info
running install_scripts
Installing coordinator script to /home/abdoulaziz/swarm/formation_ws/install/formation_control/lib/formation_control
Installing drone_interface script to /home/abdoulaziz/swarm/formation_ws/install/formation_control/lib/formation_control
writing list of installed files to '/home/abdoulaziz/swarm/formation_ws/build/formation_control/install.log'
