/home/abdoulaziz/swarm/formation_ws/install/formation_control/lib/python3.10/site-packages/formation_control/px4_io.py
/home/abdoulaziz/swarm/formation_ws/install/formation_control/lib/python3.10/site-packages/formation_control/phases.py
/home/abdoulaziz/swarm/formation_ws/install/formation_control/lib/python3.10/site-packages/formation_control/coordinator_node.py
/home/abdoulaziz/swarm/formation_ws/install/formation_control/lib/python3.10/site-packages/formation_control/__init__.py
/home/abdoulaziz/swarm/formation_ws/install/formation_control/lib/python3.10/site-packages/formation_control/drone_interface_node.py
/home/abdoulaziz/swarm/formation_ws/install/formation_control/lib/python3.10/site-packages/formation_control/__pycache__/px4_io.cpython-310.pyc
/home/abdoulaziz/swarm/formation_ws/install/formation_control/lib/python3.10/site-packages/formation_control/__pycache__/phases.cpython-310.pyc
/home/abdoulaziz/swarm/formation_ws/install/formation_control/lib/python3.10/site-packages/formation_control/__pycache__/coordinator_node.cpython-310.pyc
/home/abdoulaziz/swarm/formation_ws/install/formation_control/lib/python3.10/site-packages/formation_control/__pycache__/__init__.cpython-310.pyc
/home/abdoulaziz/swarm/formation_ws/install/formation_control/lib/python3.10/site-packages/formation_control/__pycache__/drone_interface_node.cpython-310.pyc
/home/abdoulaziz/swarm/formation_ws/install/formation_control/share/ament_index/resource_index/packages/formation_control
/home/abdoulaziz/swarm/formation_ws/install/formation_control/share/formation_control/package.xml
/home/abdoulaziz/swarm/formation_ws/install/formation_control/lib/python3.10/site-packages/formation_control-0.1.0-py3.10.egg-info/PKG-INFO
/home/abdoulaziz/swarm/formation_ws/install/formation_control/lib/python3.10/site-packages/formation_control-0.1.0-py3.10.egg-info/entry_points.txt
/home/abdoulaziz/swarm/formation_ws/install/formation_control/lib/python3.10/site-packages/formation_control-0.1.0-py3.10.egg-info/requires.txt
/home/abdoulaziz/swarm/formation_ws/install/formation_control/lib/python3.10/site-packages/formation_control-0.1.0-py3.10.egg-info/zip-safe
/home/abdoulaziz/swarm/formation_ws/install/formation_control/lib/python3.10/site-packages/formation_control-0.1.0-py3.10.egg-info/dependency_links.txt
/home/abdoulaziz/swarm/formation_ws/install/formation_control/lib/python3.10/site-packages/formation_control-0.1.0-py3.10.egg-info/top_level.txt
/home/abdoulaziz/swarm/formation_ws/install/formation_control/lib/python3.10/site-packages/formation_control-0.1.0-py3.10.egg-info/SOURCES.txt
/home/abdoulaziz/swarm/formation_ws/install/formation_control/lib/formation_control/coordinator
/home/abdoulaziz/swarm/formation_ws/install/formation_control/lib/formation_control/drone_interface
