[0.086s] DEBUG:colcon:Command line arguments: ['/usr/bin/colcon', 'build']
[0.086s] DEBUG:colcon:Parsed command line arguments: Namespace(log_base=None, log_level=None, verb_name='build', build_base='build', install_base='install', merge_install=False, symlink_install=False, test_result_base=None, continue_on_error=False, executor='parallel', parallel_workers=32, event_handlers=None, ignore_user_meta=False, metas=['./colcon.meta'], base_paths=['.'], packages_ignore=None, packages_ignore_regex=None, paths=None, packages_up_to=None, packages_up_to_regex=None, packages_above=None, packages_above_and_dependencies=None, packages_above_depth=None, packages_select_by_dep=None, packages_skip_by_dep=None, packages_skip_up_to=None, packages_select_build_failed=False, packages_skip_build_finished=False, packages_select_test_failures=False, packages_skip_test_passed=False, packages_select=None, packages_skip=None, packages_select_regex=None, packages_skip_regex=None, packages_start=None, packages_end=None, allow_overriding=[], cmake_args=None, cmake_target=None, cmake_target_skip_unavailable=False, cmake_clean_cache=False, cmake_clean_first=False, cmake_force_configure=False, ament_cmake_args=None, catkin_cmake_args=None, catkin_skip_building_tests=False, mixin_files=None, mixin=None, verb_parser=<colcon_mixin.mixin.mixin_argument.MixinArgumentDecorator object at 0x7204ca6739d0>, verb_extension=<colcon_core.verb.build.BuildVerb object at 0x7204ca7b87c0>, main=<bound method BuildVerb.main of <colcon_core.verb.build.BuildVerb object at 0x7204ca7b87c0>>, mixin_verb=('build',))
[0.228s] Level 1:colcon.colcon_core.package_discovery:discover_packages(colcon_meta) check parameters
[0.228s] Level 1:colcon.colcon_core.package_discovery:discover_packages(recursive) check parameters
[0.228s] Level 1:colcon.colcon_core.package_discovery:discover_packages(ignore) check parameters
[0.228s] Level 1:colcon.colcon_core.package_discovery:discover_packages(path) check parameters
[0.228s] Level 1:colcon.colcon_core.package_discovery:discover_packages(colcon_meta) discover
[0.228s] Level 1:colcon.colcon_core.package_discovery:discover_packages(recursive) discover
[0.228s] INFO:colcon.colcon_core.package_discovery:Crawling recursively for packages in '/home/abdoulaziz/swarm/formation_ws'
[0.228s] Level 1:colcon.colcon_core.package_identification:_identify(.) by extensions ['ignore', 'ignore_ament_install']
[0.228s] Level 1:colcon.colcon_core.package_identification:_identify(.) by extension 'ignore'
[0.228s] Level 1:colcon.colcon_core.package_identification:_identify(.) by extension 'ignore_ament_install'
[0.228s] Level 1:colcon.colcon_core.package_identification:_identify(.) by extensions ['colcon_pkg']
[0.228s] Level 1:colcon.colcon_core.package_identification:_identify(.) by extension 'colcon_pkg'
[0.228s] Level 1:colcon.colcon_core.package_identification:_identify(.) by extensions ['colcon_meta']
[0.228s] Level 1:colcon.colcon_core.package_identification:_identify(.) by extension 'colcon_meta'
[0.228s] Level 1:colcon.colcon_core.package_identification:_identify(.) by extensions ['ros']
[0.228s] Level 1:colcon.colcon_core.package_identification:_identify(.) by extension 'ros'
[0.241s] Level 1:colcon.colcon_core.package_identification:_identify(.) by extensions ['cmake', 'python']
[0.241s] Level 1:colcon.colcon_core.package_identification:_identify(.) by extension 'cmake'
[0.241s] Level 1:colcon.colcon_core.package_identification:_identify(.) by extension 'python'
[0.241s] Level 1:colcon.colcon_core.package_identification:_identify(.) by extensions ['python_setup_py']
[0.241s] Level 1:colcon.colcon_core.package_identification:_identify(.) by extension 'python_setup_py'
[0.241s] Level 1:colcon.colcon_core.package_identification:_identify(build) by extensions ['ignore', 'ignore_ament_install']
[0.241s] Level 1:colcon.colcon_core.package_identification:_identify(build) by extension 'ignore'
[0.241s] Level 1:colcon.colcon_core.package_identification:_identify(build) ignored
[0.241s] Level 1:colcon.colcon_core.package_identification:_identify(install) by extensions ['ignore', 'ignore_ament_install']
[0.242s] Level 1:colcon.colcon_core.package_identification:_identify(install) by extension 'ignore'
[0.242s] Level 1:colcon.colcon_core.package_identification:_identify(install) ignored
[0.242s] Level 1:colcon.colcon_core.package_identification:_identify(log) by extensions ['ignore', 'ignore_ament_install']
[0.242s] Level 1:colcon.colcon_core.package_identification:_identify(log) by extension 'ignore'
[0.242s] Level 1:colcon.colcon_core.package_identification:_identify(log) ignored
[0.242s] Level 1:colcon.colcon_core.package_identification:_identify(src) by extensions ['ignore', 'ignore_ament_install']
[0.242s] Level 1:colcon.colcon_core.package_identification:_identify(src) by extension 'ignore'
[0.242s] Level 1:colcon.colcon_core.package_identification:_identify(src) by extension 'ignore_ament_install'
[0.242s] Level 1:colcon.colcon_core.package_identification:_identify(src) by extensions ['colcon_pkg']
[0.242s] Level 1:colcon.colcon_core.package_identification:_identify(src) by extension 'colcon_pkg'
[0.242s] Level 1:colcon.colcon_core.package_identification:_identify(src) by extensions ['colcon_meta']
[0.242s] Level 1:colcon.colcon_core.package_identification:_identify(src) by extension 'colcon_meta'
[0.242s] Level 1:colcon.colcon_core.package_identification:_identify(src) by extensions ['ros']
[0.242s] Level 1:colcon.colcon_core.package_identification:_identify(src) by extension 'ros'
[0.242s] Level 1:colcon.colcon_core.package_identification:_identify(src) by extensions ['cmake', 'python']
[0.242s] Level 1:colcon.colcon_core.package_identification:_identify(src) by extension 'cmake'
[0.242s] Level 1:colcon.colcon_core.package_identification:_identify(src) by extension 'python'
[0.242s] Level 1:colcon.colcon_core.package_identification:_identify(src) by extensions ['python_setup_py']
[0.242s] Level 1:colcon.colcon_core.package_identification:_identify(src) by extension 'python_setup_py'
[0.242s] Level 1:colcon.colcon_core.package_identification:_identify(src/formation_bringup) by extensions ['ignore', 'ignore_ament_install']
[0.242s] Level 1:colcon.colcon_core.package_identification:_identify(src/formation_bringup) by extension 'ignore'
[0.242s] Level 1:colcon.colcon_core.package_identification:_identify(src/formation_bringup) by extension 'ignore_ament_install'
[0.242s] Level 1:colcon.colcon_core.package_identification:_identify(src/formation_bringup) by extensions ['colcon_pkg']
[0.242s] Level 1:colcon.colcon_core.package_identification:_identify(src/formation_bringup) by extension 'colcon_pkg'
[0.242s] Level 1:colcon.colcon_core.package_identification:_identify(src/formation_bringup) by extensions ['colcon_meta']
[0.242s] Level 1:colcon.colcon_core.package_identification:_identify(src/formation_bringup) by extension 'colcon_meta'
[0.242s] Level 1:colcon.colcon_core.package_identification:_identify(src/formation_bringup) by extensions ['ros']
[0.242s] Level 1:colcon.colcon_core.package_identification:_identify(src/formation_bringup) by extension 'ros'
[0.244s] DEBUG:colcon.colcon_core.package_identification:Package 'src/formation_bringup' with type 'ros.ament_python' and name 'formation_bringup'
[0.244s] Level 1:colcon.colcon_core.package_identification:_identify(src/formation_control) by extensions ['ignore', 'ignore_ament_install']
[0.244s] Level 1:colcon.colcon_core.package_identification:_identify(src/formation_control) by extension 'ignore'
[0.244s] Level 1:colcon.colcon_core.package_identification:_identify(src/formation_control) by extension 'ignore_ament_install'
[0.244s] Level 1:colcon.colcon_core.package_identification:_identify(src/formation_control) by extensions ['colcon_pkg']
[0.244s] Level 1:colcon.colcon_core.package_identification:_identify(src/formation_control) by extension 'colcon_pkg'
[0.244s] Level 1:colcon.colcon_core.package_identification:_identify(src/formation_control) by extensions ['colcon_meta']
[0.244s] Level 1:colcon.colcon_core.package_identification:_identify(src/formation_control) by extension 'colcon_meta'
[0.244s] Level 1:colcon.colcon_core.package_identification:_identify(src/formation_control) by extensions ['ros']
[0.244s] Level 1:colcon.colcon_core.package_identification:_identify(src/formation_control) by extension 'ros'
[0.244s] DEBUG:colcon.colcon_core.package_identification:Package 'src/formation_control' with type 'ros.ament_python' and name 'formation_control'
[0.244s] Level 1:colcon.colcon_core.package_identification:_identify(src/formation_core) by extensions ['ignore', 'ignore_ament_install']
[0.244s] Level 1:colcon.colcon_core.package_identification:_identify(src/formation_core) by extension 'ignore'
[0.244s] Level 1:colcon.colcon_core.package_identification:_identify(src/formation_core) by extension 'ignore_ament_install'
[0.244s] Level 1:colcon.colcon_core.package_identification:_identify(src/formation_core) by extensions ['colcon_pkg']
[0.244s] Level 1:colcon.colcon_core.package_identification:_identify(src/formation_core) by extension 'colcon_pkg'
[0.244s] Level 1:colcon.colcon_core.package_identification:_identify(src/formation_core) by extensions ['colcon_meta']
[0.244s] Level 1:colcon.colcon_core.package_identification:_identify(src/formation_core) by extension 'colcon_meta'
[0.244s] Level 1:colcon.colcon_core.package_identification:_identify(src/formation_core) by extensions ['ros']
[0.244s] Level 1:colcon.colcon_core.package_identification:_identify(src/formation_core) by extension 'ros'
[0.245s] DEBUG:colcon.colcon_core.package_identification:Package 'src/formation_core' with type 'ros.ament_python' and name 'formation_core'
[0.245s] Level 1:colcon.colcon_core.package_identification:_identify(src/formation_interfaces) by extensions ['ignore', 'ignore_ament_install']
[0.245s] Level 1:colcon.colcon_core.package_identification:_identify(src/formation_interfaces) by extension 'ignore'
[0.245s] Level 1:colcon.colcon_core.package_identification:_identify(src/formation_interfaces) by extension 'ignore_ament_install'
[0.245s] Level 1:colcon.colcon_core.package_identification:_identify(src/formation_interfaces) by extensions ['colcon_pkg']
[0.245s] Level 1:colcon.colcon_core.package_identification:_identify(src/formation_interfaces) by extension 'colcon_pkg'
[0.245s] Level 1:colcon.colcon_core.package_identification:_identify(src/formation_interfaces) by extensions ['colcon_meta']
[0.245s] Level 1:colcon.colcon_core.package_identification:_identify(src/formation_interfaces) by extension 'colcon_meta'
[0.245s] Level 1:colcon.colcon_core.package_identification:_identify(src/formation_interfaces) by extensions ['ros']
[0.245s] Level 1:colcon.colcon_core.package_identification:_identify(src/formation_interfaces) by extension 'ros'
[0.245s] DEBUG:colcon.colcon_core.package_identification:Package 'src/formation_interfaces' with type 'ros.ament_cmake' and name 'formation_interfaces'
[0.245s] Level 1:colcon.colcon_core.package_identification:_identify(src/px4_msgs) by extensions ['ignore', 'ignore_ament_install']
[0.245s] Level 1:colcon.colcon_core.package_identification:_identify(src/px4_msgs) by extension 'ignore'
[0.245s] Level 1:colcon.colcon_core.package_identification:_identify(src/px4_msgs) by extension 'ignore_ament_install'
[0.245s] Level 1:colcon.colcon_core.package_identification:_identify(src/px4_msgs) by extensions ['colcon_pkg']
[0.245s] Level 1:colcon.colcon_core.package_identification:_identify(src/px4_msgs) by extension 'colcon_pkg'
[0.245s] Level 1:colcon.colcon_core.package_identification:_identify(src/px4_msgs) by extensions ['colcon_meta']
[0.245s] Level 1:colcon.colcon_core.package_identification:_identify(src/px4_msgs) by extension 'colcon_meta'
[0.245s] Level 1:colcon.colcon_core.package_identification:_identify(src/px4_msgs) by extensions ['ros']
[0.245s] Level 1:colcon.colcon_core.package_identification:_identify(src/px4_msgs) by extension 'ros'
[0.245s] DEBUG:colcon.colcon_core.package_identification:Package 'src/px4_msgs' with type 'ros.ament_cmake' and name 'px4_msgs'
[0.245s] Level 1:colcon.colcon_core.package_discovery:discover_packages(recursive) using defaults
[0.245s] Level 1:colcon.colcon_core.package_discovery:discover_packages(ignore) discover
[0.245s] Level 1:colcon.colcon_core.package_discovery:discover_packages(ignore) using defaults
[0.245s] Level 1:colcon.colcon_core.package_discovery:discover_packages(path) discover
[0.246s] Level 1:colcon.colcon_core.package_discovery:discover_packages(path) using defaults
[0.259s] Level 1:colcon.colcon_core.package_discovery:discover_packages(prefix_path) check parameters
[0.259s] Level 1:colcon.colcon_core.package_discovery:discover_packages(prefix_path) discover
[0.261s] DEBUG:colcon.colcon_installed_package_information.package_discovery:Found 362 installed packages in /opt/ros/humble
[0.262s] Level 1:colcon.colcon_core.package_discovery:discover_packages(prefix_path) using defaults
[0.283s] Level 5:colcon.colcon_core.verb:set package 'formation_core' build argument 'cmake_args' from command line to 'None'
[0.283s] Level 5:colcon.colcon_core.verb:set package 'formation_core' build argument 'cmake_target' from command line to 'None'
[0.283s] Level 5:colcon.colcon_core.verb:set package 'formation_core' build argument 'cmake_target_skip_unavailable' from command line to 'False'
[0.283s] Level 5:colcon.colcon_core.verb:set package 'formation_core' build argument 'cmake_clean_cache' from command line to 'False'
[0.283s] Level 5:colcon.colcon_core.verb:set package 'formation_core' build argument 'cmake_clean_first' from command line to 'False'
[0.283s] Level 5:colcon.colcon_core.verb:set package 'formation_core' build argument 'cmake_force_configure' from command line to 'False'
[0.283s] Level 5:colcon.colcon_core.verb:set package 'formation_core' build argument 'ament_cmake_args' from command line to 'None'
[0.283s] Level 5:colcon.colcon_core.verb:set package 'formation_core' build argument 'catkin_cmake_args' from command line to 'None'
[0.283s] Level 5:colcon.colcon_core.verb:set package 'formation_core' build argument 'catkin_skip_building_tests' from command line to 'False'
[0.283s] DEBUG:colcon.colcon_core.verb:Building package 'formation_core' with the following arguments: {'ament_cmake_args': None, 'build_base': '/home/abdoulaziz/swarm/formation_ws/build/formation_core', 'catkin_cmake_args': None, 'catkin_skip_building_tests': False, 'cmake_args': None, 'cmake_clean_cache': False, 'cmake_clean_first': False, 'cmake_force_configure': False, 'cmake_target': None, 'cmake_target_skip_unavailable': False, 'install_base': '/home/abdoulaziz/swarm/formation_ws/install/formation_core', 'merge_install': False, 'path': '/home/abdoulaziz/swarm/formation_ws/src/formation_core', 'symlink_install': False, 'test_result_base': None}
[0.283s] Level 5:colcon.colcon_core.verb:set package 'formation_interfaces' build argument 'cmake_args' from command line to 'None'
[0.283s] Level 5:colcon.colcon_core.verb:set package 'formation_interfaces' build argument 'cmake_target' from command line to 'None'
[0.283s] Level 5:colcon.colcon_core.verb:set package 'formation_interfaces' build argument 'cmake_target_skip_unavailable' from command line to 'False'
[0.284s] Level 5:colcon.colcon_core.verb:set package 'formation_interfaces' build argument 'cmake_clean_cache' from command line to 'False'
[0.284s] Level 5:colcon.colcon_core.verb:set package 'formation_interfaces' build argument 'cmake_clean_first' from command line to 'False'
[0.284s] Level 5:colcon.colcon_core.verb:set package 'formation_interfaces' build argument 'cmake_force_configure' from command line to 'False'
[0.284s] Level 5:colcon.colcon_core.verb:set package 'formation_interfaces' build argument 'ament_cmake_args' from command line to 'None'
[0.284s] Level 5:colcon.colcon_core.verb:set package 'formation_interfaces' build argument 'catkin_cmake_args' from command line to 'None'
[0.284s] Level 5:colcon.colcon_core.verb:set package 'formation_interfaces' build argument 'catkin_skip_building_tests' from command line to 'False'
[0.284s] DEBUG:colcon.colcon_core.verb:Building package 'formation_interfaces' with the following arguments: {'ament_cmake_args': None, 'build_base': '/home/abdoulaziz/swarm/formation_ws/build/formation_interfaces', 'catkin_cmake_args': None, 'catkin_skip_building_tests': False, 'cmake_args': None, 'cmake_clean_cache': False, 'cmake_clean_first': False, 'cmake_force_configure': False, 'cmake_target': None, 'cmake_target_skip_unavailable': False, 'install_base': '/home/abdoulaziz/swarm/formation_ws/install/formation_interfaces', 'merge_install': False, 'path': '/home/abdoulaziz/swarm/formation_ws/src/formation_interfaces', 'symlink_install': False, 'test_result_base': None}
[0.284s] Level 5:colcon.colcon_core.verb:set package 'px4_msgs' build argument 'cmake_args' from command line to 'None'
[0.284s] Level 5:colcon.colcon_core.verb:set package 'px4_msgs' build argument 'cmake_target' from command line to 'None'
[0.284s] Level 5:colcon.colcon_core.verb:set package 'px4_msgs' build argument 'cmake_target_skip_unavailable' from command line to 'False'
[0.284s] Level 5:colcon.colcon_core.verb:set package 'px4_msgs' build argument 'cmake_clean_cache' from command line to 'False'
[0.284s] Level 5:colcon.colcon_core.verb:set package 'px4_msgs' build argument 'cmake_clean_first' from command line to 'False'
[0.284s] Level 5:colcon.colcon_core.verb:set package 'px4_msgs' build argument 'cmake_force_configure' from command line to 'False'
[0.284s] Level 5:colcon.colcon_core.verb:set package 'px4_msgs' build argument 'ament_cmake_args' from command line to 'None'
[0.284s] Level 5:colcon.colcon_core.verb:set package 'px4_msgs' build argument 'catkin_cmake_args' from command line to 'None'
[0.284s] Level 5:colcon.colcon_core.verb:set package 'px4_msgs' build argument 'catkin_skip_building_tests' from command line to 'False'
[0.284s] DEBUG:colcon.colcon_core.verb:Building package 'px4_msgs' with the following arguments: {'ament_cmake_args': None, 'build_base': '/home/abdoulaziz/swarm/formation_ws/build/px4_msgs', 'catkin_cmake_args': None, 'catkin_skip_building_tests': False, 'cmake_args': None, 'cmake_clean_cache': False, 'cmake_clean_first': False, 'cmake_force_configure': False, 'cmake_target': None, 'cmake_target_skip_unavailable': False, 'install_base': '/home/abdoulaziz/swarm/formation_ws/install/px4_msgs', 'merge_install': False, 'path': '/home/abdoulaziz/swarm/formation_ws/src/px4_msgs', 'symlink_install': False, 'test_result_base': None}
[0.284s] Level 5:colcon.colcon_core.verb:set package 'formation_control' build argument 'cmake_args' from command line to 'None'
[0.284s] Level 5:colcon.colcon_core.verb:set package 'formation_control' build argument 'cmake_target' from command line to 'None'
[0.284s] Level 5:colcon.colcon_core.verb:set package 'formation_control' build argument 'cmake_target_skip_unavailable' from command line to 'False'
[0.284s] Level 5:colcon.colcon_core.verb:set package 'formation_control' build argument 'cmake_clean_cache' from command line to 'False'
[0.284s] Level 5:colcon.colcon_core.verb:set package 'formation_control' build argument 'cmake_clean_first' from command line to 'False'
[0.284s] Level 5:colcon.colcon_core.verb:set package 'formation_control' build argument 'cmake_force_configure' from command line to 'False'
[0.284s] Level 5:colcon.colcon_core.verb:set package 'formation_control' build argument 'ament_cmake_args' from command line to 'None'
[0.284s] Level 5:colcon.colcon_core.verb:set package 'formation_control' build argument 'catkin_cmake_args' from command line to 'None'
[0.284s] Level 5:colcon.colcon_core.verb:set package 'formation_control' build argument 'catkin_skip_building_tests' from command line to 'False'
[0.284s] DEBUG:colcon.colcon_core.verb:Building package 'formation_control' with the following arguments: {'ament_cmake_args': None, 'build_base': '/home/abdoulaziz/swarm/formation_ws/build/formation_control', 'catkin_cmake_args': None, 'catkin_skip_building_tests': False, 'cmake_args': None, 'cmake_clean_cache': False, 'cmake_clean_first': False, 'cmake_force_configure': False, 'cmake_target': None, 'cmake_target_skip_unavailable': False, 'install_base': '/home/abdoulaziz/swarm/formation_ws/install/formation_control', 'merge_install': False, 'path': '/home/abdoulaziz/swarm/formation_ws/src/formation_control', 'symlink_install': False, 'test_result_base': None}
[0.284s] Level 5:colcon.colcon_core.verb:set package 'formation_bringup' build argument 'cmake_args' from command line to 'None'
[0.284s] Level 5:colcon.colcon_core.verb:set package 'formation_bringup' build argument 'cmake_target' from command line to 'None'
[0.284s] Level 5:colcon.colcon_core.verb:set package 'formation_bringup' build argument 'cmake_target_skip_unavailable' from command line to 'False'
[0.284s] Level 5:colcon.colcon_core.verb:set package 'formation_bringup' build argument 'cmake_clean_cache' from command line to 'False'
[0.284s] Level 5:colcon.colcon_core.verb:set package 'formation_bringup' build argument 'cmake_clean_first' from command line to 'False'
[0.284s] Level 5:colcon.colcon_core.verb:set package 'formation_bringup' build argument 'cmake_force_configure' from command line to 'False'
[0.284s] Level 5:colcon.colcon_core.verb:set package 'formation_bringup' build argument 'ament_cmake_args' from command line to 'None'
[0.284s] Level 5:colcon.colcon_core.verb:set package 'formation_bringup' build argument 'catkin_cmake_args' from command line to 'None'
[0.284s] Level 5:colcon.colcon_core.verb:set package 'formation_bringup' build argument 'catkin_skip_building_tests' from command line to 'False'
[0.284s] DEBUG:colcon.colcon_core.verb:Building package 'formation_bringup' with the following arguments: {'ament_cmake_args': None, 'build_base': '/home/abdoulaziz/swarm/formation_ws/build/formation_bringup', 'catkin_cmake_args': None, 'catkin_skip_building_tests': False, 'cmake_args': None, 'cmake_clean_cache': False, 'cmake_clean_first': False, 'cmake_force_configure': False, 'cmake_target': None, 'cmake_target_skip_unavailable': False, 'install_base': '/home/abdoulaziz/swarm/formation_ws/install/formation_bringup', 'merge_install': False, 'path': '/home/abdoulaziz/swarm/formation_ws/src/formation_bringup', 'symlink_install': False, 'test_result_base': None}
[0.284s] INFO:colcon.colcon_core.executor:Executing jobs using 'parallel' executor
[0.285s] DEBUG:colcon.colcon_parallel_executor.executor.parallel:run_until_complete
[0.285s] INFO:colcon.colcon_ros.task.ament_python.build:Building ROS package in '/home/abdoulaziz/swarm/formation_ws/src/formation_core' with build type 'ament_python'
[0.285s] Level 1:colcon.colcon_core.shell:create_environment_hook('formation_core', 'ament_prefix_path')
[0.287s] INFO:colcon.colcon_core.plugin_system:Skipping extension 'colcon_core.shell.bat': Not used on non-Windows systems
[0.287s] INFO:colcon.colcon_core.shell:Creating environment hook '/home/abdoulaziz/swarm/formation_ws/install/formation_core/share/formation_core/hook/ament_prefix_path.ps1'
[0.288s] INFO:colcon.colcon_core.shell:Creating environment descriptor '/home/abdoulaziz/swarm/formation_ws/install/formation_core/share/formation_core/hook/ament_prefix_path.dsv'
[0.288s] INFO:colcon.colcon_core.shell:Creating environment hook '/home/abdoulaziz/swarm/formation_ws/install/formation_core/share/formation_core/hook/ament_prefix_path.sh'
[0.289s] INFO:colcon.colcon_core.shell:Skip shell extension 'powershell' for command environment: Not usable outside of PowerShell
[0.289s] DEBUG:colcon.colcon_core.shell:Skip shell extension 'dsv' for command environment
[0.290s] INFO:colcon.colcon_ros.task.ament_cmake.build:Building ROS package in '/home/abdoulaziz/swarm/formation_ws/src/formation_interfaces' with build type 'ament_cmake'
[0.290s] INFO:colcon.colcon_cmake.task.cmake.build:Building CMake package in '/home/abdoulaziz/swarm/formation_ws/src/formation_interfaces'
[0.291s] INFO:colcon.colcon_core.shell:Skip shell extension 'powershell' for command environment: Not usable outside of PowerShell
[0.291s] DEBUG:colcon.colcon_core.shell:Skip shell extension 'dsv' for command environment
[0.292s] INFO:colcon.colcon_ros.task.ament_cmake.build:Building ROS package in '/home/abdoulaziz/swarm/formation_ws/src/px4_msgs' with build type 'ament_cmake'
[0.292s] INFO:colcon.colcon_cmake.task.cmake.build:Building CMake package in '/home/abdoulaziz/swarm/formation_ws/src/px4_msgs'
[0.292s] INFO:colcon.colcon_core.shell:Skip shell extension 'powershell' for command environment: Not usable outside of PowerShell
[0.292s] DEBUG:colcon.colcon_core.shell:Skip shell extension 'dsv' for command environment
[0.426s] INFO:colcon.colcon_core.task.python.build:Building Python package in '/home/abdoulaziz/swarm/formation_ws/src/formation_core'
[0.426s] INFO:colcon.colcon_core.shell:Skip shell extension 'powershell' for command environment: Not usable outside of PowerShell
[0.426s] DEBUG:colcon.colcon_core.shell:Skip shell extension 'dsv' for command environment
[0.430s] DEBUG:colcon.colcon_core.event_handler.log_command:Invoking command in '/home/abdoulaziz/swarm/formation_ws/build/formation_interfaces': CMAKE_PREFIX_PATH=/opt/ros/humble /usr/bin/cmake /home/abdoulaziz/swarm/formation_ws/src/formation_interfaces -DCMAKE_INSTALL_PREFIX=/home/abdoulaziz/swarm/formation_ws/install/formation_interfaces
[0.432s] DEBUG:colcon.colcon_core.event_handler.log_command:Invoking command in '/home/abdoulaziz/swarm/formation_ws/build/px4_msgs': CMAKE_PREFIX_PATH=/opt/ros/humble /usr/bin/cmake /home/abdoulaziz/swarm/formation_ws/src/px4_msgs -DCMAKE_INSTALL_PREFIX=/home/abdoulaziz/swarm/formation_ws/install/px4_msgs
[0.676s] DEBUG:colcon.colcon_core.event_handler.log_command:Invoking command in '/home/abdoulaziz/swarm/formation_ws/src/formation_core': PYTHONPATH=/home/abdoulaziz/swarm/formation_ws/build/formation_core/prefix_override:/usr/lib/python3/dist-packages/colcon_core/task/python/colcon_distutils_commands:/home/abdoulaziz/swarm/formation_ws/install/formation_core/lib/python3.10/site-packages:${PYTHONPATH} /usr/bin/python3 -W ignore:setup.py install is deprecated -W ignore:easy_install command is deprecated setup.py egg_info --egg-base ../../build/formation_core build --build-base /home/abdoulaziz/swarm/formation_ws/build/formation_core/build install --record /home/abdoulaziz/swarm/formation_ws/build/formation_core/install.log --single-version-externally-managed install_data
[0.823s] DEBUG:colcon.colcon_core.event_handler.log_command:Invoked command in '/home/abdoulaziz/swarm/formation_ws/src/formation_core' returned '0': PYTHONPATH=/home/abdoulaziz/swarm/formation_ws/build/formation_core/prefix_override:/usr/lib/python3/dist-packages/colcon_core/task/python/colcon_distutils_commands:/home/abdoulaziz/swarm/formation_ws/install/formation_core/lib/python3.10/site-packages:${PYTHONPATH} /usr/bin/python3 -W ignore:setup.py install is deprecated -W ignore:easy_install command is deprecated setup.py egg_info --egg-base ../../build/formation_core build --build-base /home/abdoulaziz/swarm/formation_ws/build/formation_core/build install --record /home/abdoulaziz/swarm/formation_ws/build/formation_core/install.log --single-version-externally-managed install_data
[0.826s] Level 1:colcon.colcon_core.environment:checking '/home/abdoulaziz/swarm/formation_ws/install/formation_core' for CMake module files
[0.826s] Level 1:colcon.colcon_core.environment:checking '/home/abdoulaziz/swarm/formation_ws/install/formation_core' for CMake config files
[0.827s] Level 1:colcon.colcon_core.environment:checking '/home/abdoulaziz/swarm/formation_ws/install/formation_core/lib'
[0.827s] Level 1:colcon.colcon_core.environment:checking '/home/abdoulaziz/swarm/formation_ws/install/formation_core/bin'
[0.827s] Level 1:colcon.colcon_core.environment:checking '/home/abdoulaziz/swarm/formation_ws/install/formation_core/lib/pkgconfig/formation_core.pc'
[0.827s] Level 1:colcon.colcon_core.environment:checking '/home/abdoulaziz/swarm/formation_ws/install/formation_core/lib/python3.10/site-packages'
[0.827s] Level 1:colcon.colcon_core.shell:create_environment_hook('formation_core', 'pythonpath')
[0.827s] INFO:colcon.colcon_core.shell:Creating environment hook '/home/abdoulaziz/swarm/formation_ws/install/formation_core/share/formation_core/hook/pythonpath.ps1'
[0.827s] INFO:colcon.colcon_core.shell:Creating environment descriptor '/home/abdoulaziz/swarm/formation_ws/install/formation_core/share/formation_core/hook/pythonpath.dsv'
[0.827s] INFO:colcon.colcon_core.shell:Creating environment hook '/home/abdoulaziz/swarm/formation_ws/install/formation_core/share/formation_core/hook/pythonpath.sh'
[0.828s] Level 1:colcon.colcon_core.environment:checking '/home/abdoulaziz/swarm/formation_ws/install/formation_core/bin'
[0.828s] Level 1:colcon.colcon_core.environment:create_environment_scripts_only(formation_core)
[0.828s] INFO:colcon.colcon_core.shell:Creating package script '/home/abdoulaziz/swarm/formation_ws/install/formation_core/share/formation_core/package.ps1'
[0.828s] INFO:colcon.colcon_core.shell:Creating package descriptor '/home/abdoulaziz/swarm/formation_ws/install/formation_core/share/formation_core/package.dsv'
[0.829s] INFO:colcon.colcon_core.shell:Creating package script '/home/abdoulaziz/swarm/formation_ws/install/formation_core/share/formation_core/package.sh'
[0.829s] INFO:colcon.colcon_core.shell:Creating package script '/home/abdoulaziz/swarm/formation_ws/install/formation_core/share/formation_core/package.bash'
[0.830s] INFO:colcon.colcon_core.shell:Creating package script '/home/abdoulaziz/swarm/formation_ws/install/formation_core/share/formation_core/package.zsh'
[0.830s] Level 1:colcon.colcon_core.environment:create_file_with_runtime_dependencies(/home/abdoulaziz/swarm/formation_ws/install/formation_core/share/colcon-core/packages/formation_core)
[1.367s] DEBUG:colcon.colcon_core.event_handler.log_command:Invoked command in '/home/abdoulaziz/swarm/formation_ws/build/formation_interfaces' returned '0': CMAKE_PREFIX_PATH=/opt/ros/humble /usr/bin/cmake /home/abdoulaziz/swarm/formation_ws/src/formation_interfaces -DCMAKE_INSTALL_PREFIX=/home/abdoulaziz/swarm/formation_ws/install/formation_interfaces
[1.369s] DEBUG:colcon.colcon_core.event_handler.log_command:Invoking command in '/home/abdoulaziz/swarm/formation_ws/build/formation_interfaces': CMAKE_PREFIX_PATH=/opt/ros/humble /usr/bin/cmake --build /home/abdoulaziz/swarm/formation_ws/build/formation_interfaces -- -j32 -l32
[2.573s] DEBUG:colcon.colcon_core.event_handler.log_command:Invoked command in '/home/abdoulaziz/swarm/formation_ws/build/px4_msgs' returned '0': CMAKE_PREFIX_PATH=/opt/ros/humble /usr/bin/cmake /home/abdoulaziz/swarm/formation_ws/src/px4_msgs -DCMAKE_INSTALL_PREFIX=/home/abdoulaziz/swarm/formation_ws/install/px4_msgs
[2.573s] DEBUG:colcon.colcon_core.event_handler.log_command:Invoking command in '/home/abdoulaziz/swarm/formation_ws/build/px4_msgs': CMAKE_PREFIX_PATH=/opt/ros/humble /usr/bin/cmake --build /home/abdoulaziz/swarm/formation_ws/build/px4_msgs -- -j32 -l32
[2.596s] DEBUG:colcon.colcon_core.event_handler.log_command:Invoked command in '/home/abdoulaziz/swarm/formation_ws/build/formation_interfaces' returned '0': CMAKE_PREFIX_PATH=/opt/ros/humble /usr/bin/cmake --build /home/abdoulaziz/swarm/formation_ws/build/formation_interfaces -- -j32 -l32
[2.601s] DEBUG:colcon.colcon_core.event_handler.log_command:Invoking command in '/home/abdoulaziz/swarm/formation_ws/build/formation_interfaces': CMAKE_PREFIX_PATH=/opt/ros/humble /usr/bin/cmake --install /home/abdoulaziz/swarm/formation_ws/build/formation_interfaces
[2.642s] Level 1:colcon.colcon_core.environment:create_environment_scripts_only(formation_interfaces)
[2.642s] Level 1:colcon.colcon_core.environment:checking '/home/abdoulaziz/swarm/formation_ws/install/formation_interfaces' for CMake module files
[2.642s] DEBUG:colcon.colcon_core.event_handler.log_command:Invoked command in '/home/abdoulaziz/swarm/formation_ws/build/formation_interfaces' returned '0': CMAKE_PREFIX_PATH=/opt/ros/humble /usr/bin/cmake --install /home/abdoulaziz/swarm/formation_ws/build/formation_interfaces
[2.643s] Level 1:colcon.colcon_core.environment:checking '/home/abdoulaziz/swarm/formation_ws/install/formation_interfaces' for CMake config files
[2.643s] Level 1:colcon.colcon_core.shell:create_environment_hook('formation_interfaces', 'cmake_prefix_path')
[2.643s] INFO:colcon.colcon_core.shell:Creating environment hook '/home/abdoulaziz/swarm/formation_ws/install/formation_interfaces/share/formation_interfaces/hook/cmake_prefix_path.ps1'
[2.643s] INFO:colcon.colcon_core.shell:Creating environment descriptor '/home/abdoulaziz/swarm/formation_ws/install/formation_interfaces/share/formation_interfaces/hook/cmake_prefix_path.dsv'
[2.644s] INFO:colcon.colcon_core.shell:Creating environment hook '/home/abdoulaziz/swarm/formation_ws/install/formation_interfaces/share/formation_interfaces/hook/cmake_prefix_path.sh'
[2.644s] Level 1:colcon.colcon_core.environment:checking '/home/abdoulaziz/swarm/formation_ws/install/formation_interfaces/lib'
[2.644s] Level 1:colcon.colcon_core.shell:create_environment_hook('formation_interfaces', 'ld_library_path_lib')
[2.644s] INFO:colcon.colcon_core.shell:Creating environment hook '/home/abdoulaziz/swarm/formation_ws/install/formation_interfaces/share/formation_interfaces/hook/ld_library_path_lib.ps1'
[2.644s] INFO:colcon.colcon_core.shell:Creating environment descriptor '/home/abdoulaziz/swarm/formation_ws/install/formation_interfaces/share/formation_interfaces/hook/ld_library_path_lib.dsv'
[2.644s] INFO:colcon.colcon_core.shell:Creating environment hook '/home/abdoulaziz/swarm/formation_ws/install/formation_interfaces/share/formation_interfaces/hook/ld_library_path_lib.sh'
[2.644s] Level 1:colcon.colcon_core.environment:checking '/home/abdoulaziz/swarm/formation_ws/install/formation_interfaces/bin'
[2.644s] Level 1:colcon.colcon_core.environment:checking '/home/abdoulaziz/swarm/formation_ws/install/formation_interfaces/lib/pkgconfig/formation_interfaces.pc'
[2.644s] Level 1:colcon.colcon_core.environment:checking '/home/abdoulaziz/swarm/formation_ws/install/formation_interfaces/lib/python3.10/site-packages'
[2.645s] Level 1:colcon.colcon_core.environment:checking '/home/abdoulaziz/swarm/formation_ws/install/formation_interfaces/bin'
[2.645s] INFO:colcon.colcon_core.shell:Creating package script '/home/abdoulaziz/swarm/formation_ws/install/formation_interfaces/share/formation_interfaces/package.ps1'
[2.645s] INFO:colcon.colcon_core.shell:Creating package descriptor '/home/abdoulaziz/swarm/formation_ws/install/formation_interfaces/share/formation_interfaces/package.dsv'
[2.645s] INFO:colcon.colcon_core.shell:Creating package script '/home/abdoulaziz/swarm/formation_ws/install/formation_interfaces/share/formation_interfaces/package.sh'
[2.645s] INFO:colcon.colcon_core.shell:Creating package script '/home/abdoulaziz/swarm/formation_ws/install/formation_interfaces/share/formation_interfaces/package.bash'
[2.645s] INFO:colcon.colcon_core.shell:Creating package script '/home/abdoulaziz/swarm/formation_ws/install/formation_interfaces/share/formation_interfaces/package.zsh'
[2.646s] Level 1:colcon.colcon_core.environment:create_file_with_runtime_dependencies(/home/abdoulaziz/swarm/formation_ws/install/formation_interfaces/share/colcon-core/packages/formation_interfaces)
[2.646s] Level 1:colcon.colcon_core.environment:create_environment_scripts_only(formation_interfaces)
[2.646s] Level 1:colcon.colcon_core.environment:checking '/home/abdoulaziz/swarm/formation_ws/install/formation_interfaces' for CMake module files
[2.646s] Level 1:colcon.colcon_core.environment:checking '/home/abdoulaziz/swarm/formation_ws/install/formation_interfaces' for CMake config files
[2.647s] Level 1:colcon.colcon_core.shell:create_environment_hook('formation_interfaces', 'cmake_prefix_path')
[2.647s] INFO:colcon.colcon_core.shell:Creating environment hook '/home/abdoulaziz/swarm/formation_ws/install/formation_interfaces/share/formation_interfaces/hook/cmake_prefix_path.ps1'
[2.647s] INFO:colcon.colcon_core.shell:Creating environment descriptor '/home/abdoulaziz/swarm/formation_ws/install/formation_interfaces/share/formation_interfaces/hook/cmake_prefix_path.dsv'
[2.647s] INFO:colcon.colcon_core.shell:Creating environment hook '/home/abdoulaziz/swarm/formation_ws/install/formation_interfaces/share/formation_interfaces/hook/cmake_prefix_path.sh'
[2.647s] Level 1:colcon.colcon_core.environment:checking '/home/abdoulaziz/swarm/formation_ws/install/formation_interfaces/lib'
[2.647s] Level 1:colcon.colcon_core.shell:create_environment_hook('formation_interfaces', 'ld_library_path_lib')
[2.647s] INFO:colcon.colcon_core.shell:Creating environment hook '/home/abdoulaziz/swarm/formation_ws/install/formation_interfaces/share/formation_interfaces/hook/ld_library_path_lib.ps1'
[2.647s] INFO:colcon.colcon_core.shell:Creating environment descriptor '/home/abdoulaziz/swarm/formation_ws/install/formation_interfaces/share/formation_interfaces/hook/ld_library_path_lib.dsv'
[2.648s] INFO:colcon.colcon_core.shell:Creating environment hook '/home/abdoulaziz/swarm/formation_ws/install/formation_interfaces/share/formation_interfaces/hook/ld_library_path_lib.sh'
[2.648s] Level 1:colcon.colcon_core.environment:checking '/home/abdoulaziz/swarm/formation_ws/install/formation_interfaces/bin'
[2.648s] Level 1:colcon.colcon_core.environment:checking '/home/abdoulaziz/swarm/formation_ws/install/formation_interfaces/lib/pkgconfig/formation_interfaces.pc'
[2.648s] Level 1:colcon.colcon_core.environment:checking '/home/abdoulaziz/swarm/formation_ws/install/formation_interfaces/lib/python3.10/site-packages'
[2.648s] Level 1:colcon.colcon_core.environment:checking '/home/abdoulaziz/swarm/formation_ws/install/formation_interfaces/bin'
[2.648s] INFO:colcon.colcon_core.shell:Creating package script '/home/abdoulaziz/swarm/formation_ws/install/formation_interfaces/share/formation_interfaces/package.ps1'
[2.648s] INFO:colcon.colcon_core.shell:Creating package descriptor '/home/abdoulaziz/swarm/formation_ws/install/formation_interfaces/share/formation_interfaces/package.dsv'
[2.649s] INFO:colcon.colcon_core.shell:Creating package script '/home/abdoulaziz/swarm/formation_ws/install/formation_interfaces/share/formation_interfaces/package.sh'
[2.649s] INFO:colcon.colcon_core.shell:Creating package script '/home/abdoulaziz/swarm/formation_ws/install/formation_interfaces/share/formation_interfaces/package.bash'
[2.649s] INFO:colcon.colcon_core.shell:Creating package script '/home/abdoulaziz/swarm/formation_ws/install/formation_interfaces/share/formation_interfaces/package.zsh'
[2.649s] Level 1:colcon.colcon_core.environment:create_file_with_runtime_dependencies(/home/abdoulaziz/swarm/formation_ws/install/formation_interfaces/share/colcon-core/packages/formation_interfaces)
[96.367s] DEBUG:colcon.colcon_core.event_handler.log_command:Invoked command in '/home/abdoulaziz/swarm/formation_ws/build/px4_msgs' returned '0': CMAKE_PREFIX_PATH=/opt/ros/humble /usr/bin/cmake --build /home/abdoulaziz/swarm/formation_ws/build/px4_msgs -- -j32 -l32
[96.368s] DEBUG:colcon.colcon_core.event_handler.log_command:Invoking command in '/home/abdoulaziz/swarm/formation_ws/build/px4_msgs': CMAKE_PREFIX_PATH=/opt/ros/humble /usr/bin/cmake --install /home/abdoulaziz/swarm/formation_ws/build/px4_msgs
[97.212s] Level 1:colcon.colcon_core.environment:create_environment_scripts_only(px4_msgs)
[97.212s] Level 1:colcon.colcon_core.environment:checking '/home/abdoulaziz/swarm/formation_ws/install/px4_msgs' for CMake module files
[97.212s] DEBUG:colcon.colcon_core.event_handler.log_command:Invoked command in '/home/abdoulaziz/swarm/formation_ws/build/px4_msgs' returned '0': CMAKE_PREFIX_PATH=/opt/ros/humble /usr/bin/cmake --install /home/abdoulaziz/swarm/formation_ws/build/px4_msgs
[97.213s] Level 1:colcon.colcon_core.environment:checking '/home/abdoulaziz/swarm/formation_ws/install/px4_msgs' for CMake config files
[97.215s] Level 1:colcon.colcon_core.shell:create_environment_hook('px4_msgs', 'cmake_prefix_path')
[97.215s] INFO:colcon.colcon_core.shell:Creating environment hook '/home/abdoulaziz/swarm/formation_ws/install/px4_msgs/share/px4_msgs/hook/cmake_prefix_path.ps1'
[97.216s] INFO:colcon.colcon_core.shell:Creating environment descriptor '/home/abdoulaziz/swarm/formation_ws/install/px4_msgs/share/px4_msgs/hook/cmake_prefix_path.dsv'
[97.216s] INFO:colcon.colcon_core.shell:Creating environment hook '/home/abdoulaziz/swarm/formation_ws/install/px4_msgs/share/px4_msgs/hook/cmake_prefix_path.sh'
[97.216s] Level 1:colcon.colcon_core.environment:checking '/home/abdoulaziz/swarm/formation_ws/install/px4_msgs/lib'
[97.216s] Level 1:colcon.colcon_core.shell:create_environment_hook('px4_msgs', 'ld_library_path_lib')
[97.216s] INFO:colcon.colcon_core.shell:Creating environment hook '/home/abdoulaziz/swarm/formation_ws/install/px4_msgs/share/px4_msgs/hook/ld_library_path_lib.ps1'
[97.216s] INFO:colcon.colcon_core.shell:Creating environment descriptor '/home/abdoulaziz/swarm/formation_ws/install/px4_msgs/share/px4_msgs/hook/ld_library_path_lib.dsv'
[97.217s] INFO:colcon.colcon_core.shell:Creating environment hook '/home/abdoulaziz/swarm/formation_ws/install/px4_msgs/share/px4_msgs/hook/ld_library_path_lib.sh'
[97.217s] Level 1:colcon.colcon_core.environment:checking '/home/abdoulaziz/swarm/formation_ws/install/px4_msgs/bin'
[97.217s] Level 1:colcon.colcon_core.environment:checking '/home/abdoulaziz/swarm/formation_ws/install/px4_msgs/lib/pkgconfig/px4_msgs.pc'
[97.217s] Level 1:colcon.colcon_core.environment:checking '/home/abdoulaziz/swarm/formation_ws/install/px4_msgs/lib/python3.10/site-packages'
[97.217s] Level 1:colcon.colcon_core.environment:checking '/home/abdoulaziz/swarm/formation_ws/install/px4_msgs/bin'
[97.217s] INFO:colcon.colcon_core.shell:Creating package script '/home/abdoulaziz/swarm/formation_ws/install/px4_msgs/share/px4_msgs/package.ps1'
[97.218s] INFO:colcon.colcon_core.shell:Creating package descriptor '/home/abdoulaziz/swarm/formation_ws/install/px4_msgs/share/px4_msgs/package.dsv'
[97.218s] INFO:colcon.colcon_core.shell:Creating package script '/home/abdoulaziz/swarm/formation_ws/install/px4_msgs/share/px4_msgs/package.sh'
[97.218s] INFO:colcon.colcon_core.shell:Creating package script '/home/abdoulaziz/swarm/formation_ws/install/px4_msgs/share/px4_msgs/package.bash'
[97.218s] INFO:colcon.colcon_core.shell:Creating package script '/home/abdoulaziz/swarm/formation_ws/install/px4_msgs/share/px4_msgs/package.zsh'
[97.218s] Level 1:colcon.colcon_core.environment:create_file_with_runtime_dependencies(/home/abdoulaziz/swarm/formation_ws/install/px4_msgs/share/colcon-core/packages/px4_msgs)
[97.219s] Level 1:colcon.colcon_core.environment:create_environment_scripts_only(px4_msgs)
[97.219s] Level 1:colcon.colcon_core.environment:checking '/home/abdoulaziz/swarm/formation_ws/install/px4_msgs' for CMake module files
[97.219s] Level 1:colcon.colcon_core.environment:checking '/home/abdoulaziz/swarm/formation_ws/install/px4_msgs' for CMake config files
[97.221s] Level 1:colcon.colcon_core.shell:create_environment_hook('px4_msgs', 'cmake_prefix_path')
[97.222s] INFO:colcon.colcon_core.shell:Creating environment hook '/home/abdoulaziz/swarm/formation_ws/install/px4_msgs/share/px4_msgs/hook/cmake_prefix_path.ps1'
[97.222s] INFO:colcon.colcon_core.shell:Creating environment descriptor '/home/abdoulaziz/swarm/formation_ws/install/px4_msgs/share/px4_msgs/hook/cmake_prefix_path.dsv'
[97.222s] INFO:colcon.colcon_core.shell:Creating environment hook '/home/abdoulaziz/swarm/formation_ws/install/px4_msgs/share/px4_msgs/hook/cmake_prefix_path.sh'
[97.222s] Level 1:colcon.colcon_core.environment:checking '/home/abdoulaziz/swarm/formation_ws/install/px4_msgs/lib'
[97.222s] Level 1:colcon.colcon_core.shell:create_environment_hook('px4_msgs', 'ld_library_path_lib')
[97.222s] INFO:colcon.colcon_core.shell:Creating environment hook '/home/abdoulaziz/swarm/formation_ws/install/px4_msgs/share/px4_msgs/hook/ld_library_path_lib.ps1'
[97.223s] INFO:colcon.colcon_core.shell:Creating environment descriptor '/home/abdoulaziz/swarm/formation_ws/install/px4_msgs/share/px4_msgs/hook/ld_library_path_lib.dsv'
[97.223s] INFO:colcon.colcon_core.shell:Creating environment hook '/home/abdoulaziz/swarm/formation_ws/install/px4_msgs/share/px4_msgs/hook/ld_library_path_lib.sh'
[97.223s] Level 1:colcon.colcon_core.environment:checking '/home/abdoulaziz/swarm/formation_ws/install/px4_msgs/bin'
[97.223s] Level 1:colcon.colcon_core.environment:checking '/home/abdoulaziz/swarm/formation_ws/install/px4_msgs/lib/pkgconfig/px4_msgs.pc'
[97.223s] Level 1:colcon.colcon_core.environment:checking '/home/abdoulaziz/swarm/formation_ws/install/px4_msgs/lib/python3.10/site-packages'
[97.223s] Level 1:colcon.colcon_core.environment:checking '/home/abdoulaziz/swarm/formation_ws/install/px4_msgs/bin'
[97.223s] INFO:colcon.colcon_core.shell:Creating package script '/home/abdoulaziz/swarm/formation_ws/install/px4_msgs/share/px4_msgs/package.ps1'
[97.224s] INFO:colcon.colcon_core.shell:Creating package descriptor '/home/abdoulaziz/swarm/formation_ws/install/px4_msgs/share/px4_msgs/package.dsv'
[97.224s] INFO:colcon.colcon_core.shell:Creating package script '/home/abdoulaziz/swarm/formation_ws/install/px4_msgs/share/px4_msgs/package.sh'
[97.224s] INFO:colcon.colcon_core.shell:Creating package script '/home/abdoulaziz/swarm/formation_ws/install/px4_msgs/share/px4_msgs/package.bash'
[97.224s] INFO:colcon.colcon_core.shell:Creating package script '/home/abdoulaziz/swarm/formation_ws/install/px4_msgs/share/px4_msgs/package.zsh'
[97.224s] Level 1:colcon.colcon_core.environment:create_file_with_runtime_dependencies(/home/abdoulaziz/swarm/formation_ws/install/px4_msgs/share/colcon-core/packages/px4_msgs)
[97.225s] INFO:colcon.colcon_ros.task.ament_python.build:Building ROS package in '/home/abdoulaziz/swarm/formation_ws/src/formation_control' with build type 'ament_python'
[97.225s] Level 1:colcon.colcon_core.shell:create_environment_hook('formation_control', 'ament_prefix_path')
[97.225s] INFO:colcon.colcon_core.shell:Creating environment hook '/home/abdoulaziz/swarm/formation_ws/install/formation_control/share/formation_control/hook/ament_prefix_path.ps1'
[97.225s] INFO:colcon.colcon_core.shell:Creating environment descriptor '/home/abdoulaziz/swarm/formation_ws/install/formation_control/share/formation_control/hook/ament_prefix_path.dsv'
[97.225s] INFO:colcon.colcon_core.shell:Creating environment hook '/home/abdoulaziz/swarm/formation_ws/install/formation_control/share/formation_control/hook/ament_prefix_path.sh'
[97.226s] INFO:colcon.colcon_core.shell:Skip shell extension 'powershell' for command environment: Not usable outside of PowerShell
[97.226s] DEBUG:colcon.colcon_core.shell:Skip shell extension 'dsv' for command environment
[97.360s] INFO:colcon.colcon_core.task.python.build:Building Python package in '/home/abdoulaziz/swarm/formation_ws/src/formation_control'
[97.360s] INFO:colcon.colcon_core.shell:Skip shell extension 'powershell' for command environment: Not usable outside of PowerShell
[97.360s] DEBUG:colcon.colcon_core.shell:Skip shell extension 'dsv' for command environment
[97.562s] DEBUG:colcon.colcon_core.event_handler.log_command:Invoking command in '/home/abdoulaziz/swarm/formation_ws/src/formation_control': AMENT_PREFIX_PATH=/home/abdoulaziz/swarm/formation_ws/install/px4_msgs:/home/abdoulaziz/swarm/formation_ws/install/formation_interfaces:/home/abdoulaziz/swarm/formation_ws/install/formation_core:${AMENT_PREFIX_PATH} CMAKE_PREFIX_PATH=/home/abdoulaziz/swarm/formation_ws/install/px4_msgs:/home/abdoulaziz/swarm/formation_ws/install/formation_interfaces LD_LIBRARY_PATH=/home/abdoulaziz/swarm/formation_ws/install/px4_msgs/lib:/home/abdoulaziz/swarm/formation_ws/install/formation_interfaces/lib:${LD_LIBRARY_PATH} PYTHONPATH=/home/abdoulaziz/swarm/formation_ws/build/formation_control/prefix_override:/usr/lib/python3/dist-packages/colcon_core/task/python/colcon_distutils_commands:/home/abdoulaziz/swarm/formation_ws/install/formation_control/lib/python3.10/site-packages:/home/abdoulaziz/swarm/formation_ws/install/px4_msgs/local/lib/python3.10/dist-packages:/home/abdoulaziz/swarm/formation_ws/install/formation_interfaces/local/lib/python3.10/dist-packages:/home/abdoulaziz/swarm/formation_ws/install/formation_core/lib/python3.10/site-packages:${PYTHONPATH} /usr/bin/python3 -W ignore:setup.py install is deprecated -W ignore:easy_install command is deprecated setup.py egg_info --egg-base ../../build/formation_control build --build-base /home/abdoulaziz/swarm/formation_ws/build/formation_control/build install --record /home/abdoulaziz/swarm/formation_ws/build/formation_control/install.log --single-version-externally-managed install_data
[97.710s] Level 1:colcon.colcon_core.environment:checking '/home/abdoulaziz/swarm/formation_ws/install/formation_control' for CMake module files
[97.711s] DEBUG:colcon.colcon_core.event_handler.log_command:Invoked command in '/home/abdoulaziz/swarm/formation_ws/src/formation_control' returned '0': AMENT_PREFIX_PATH=/home/abdoulaziz/swarm/formation_ws/install/px4_msgs:/home/abdoulaziz/swarm/formation_ws/install/formation_interfaces:/home/abdoulaziz/swarm/formation_ws/install/formation_core:${AMENT_PREFIX_PATH} CMAKE_PREFIX_PATH=/home/abdoulaziz/swarm/formation_ws/install/px4_msgs:/home/abdoulaziz/swarm/formation_ws/install/formation_interfaces LD_LIBRARY_PATH=/home/abdoulaziz/swarm/formation_ws/install/px4_msgs/lib:/home/abdoulaziz/swarm/formation_ws/install/formation_interfaces/lib:${LD_LIBRARY_PATH} PYTHONPATH=/home/abdoulaziz/swarm/formation_ws/build/formation_control/prefix_override:/usr/lib/python3/dist-packages/colcon_core/task/python/colcon_distutils_commands:/home/abdoulaziz/swarm/formation_ws/install/formation_control/lib/python3.10/site-packages:/home/abdoulaziz/swarm/formation_ws/install/px4_msgs/local/lib/python3.10/dist-packages:/home/abdoulaziz/swarm/formation_ws/install/formation_interfaces/local/lib/python3.10/dist-packages:/home/abdoulaziz/swarm/formation_ws/install/formation_core/lib/python3.10/site-packages:${PYTHONPATH} /usr/bin/python3 -W ignore:setup.py install is deprecated -W ignore:easy_install command is deprecated setup.py egg_info --egg-base ../../build/formation_control build --build-base /home/abdoulaziz/swarm/formation_ws/build/formation_control/build install --record /home/abdoulaziz/swarm/formation_ws/build/formation_control/install.log --single-version-externally-managed install_data
[97.711s] Level 1:colcon.colcon_core.environment:checking '/home/abdoulaziz/swarm/formation_ws/install/formation_control' for CMake config files
[97.711s] Level 1:colcon.colcon_core.environment:checking '/home/abdoulaziz/swarm/formation_ws/install/formation_control/lib'
[97.711s] Level 1:colcon.colcon_core.environment:checking '/home/abdoulaziz/swarm/formation_ws/install/formation_control/bin'
[97.711s] Level 1:colcon.colcon_core.environment:checking '/home/abdoulaziz/swarm/formation_ws/install/formation_control/lib/pkgconfig/formation_control.pc'
[97.711s] Level 1:colcon.colcon_core.environment:checking '/home/abdoulaziz/swarm/formation_ws/install/formation_control/lib/python3.10/site-packages'
[97.711s] Level 1:colcon.colcon_core.shell:create_environment_hook('formation_control', 'pythonpath')
[97.711s] INFO:colcon.colcon_core.shell:Creating environment hook '/home/abdoulaziz/swarm/formation_ws/install/formation_control/share/formation_control/hook/pythonpath.ps1'
[97.711s] INFO:colcon.colcon_core.shell:Creating environment descriptor '/home/abdoulaziz/swarm/formation_ws/install/formation_control/share/formation_control/hook/pythonpath.dsv'
[97.712s] INFO:colcon.colcon_core.shell:Creating environment hook '/home/abdoulaziz/swarm/formation_ws/install/formation_control/share/formation_control/hook/pythonpath.sh'
[97.712s] Level 1:colcon.colcon_core.environment:checking '/home/abdoulaziz/swarm/formation_ws/install/formation_control/bin'
[97.712s] Level 1:colcon.colcon_core.environment:create_environment_scripts_only(formation_control)
[97.712s] INFO:colcon.colcon_core.shell:Creating package script '/home/abdoulaziz/swarm/formation_ws/install/formation_control/share/formation_control/package.ps1'
[97.712s] INFO:colcon.colcon_core.shell:Creating package descriptor '/home/abdoulaziz/swarm/formation_ws/install/formation_control/share/formation_control/package.dsv'
[97.712s] INFO:colcon.colcon_core.shell:Creating package script '/home/abdoulaziz/swarm/formation_ws/install/formation_control/share/formation_control/package.sh'
[97.713s] INFO:colcon.colcon_core.shell:Creating package script '/home/abdoulaziz/swarm/formation_ws/install/formation_control/share/formation_control/package.bash'
[97.713s] INFO:colcon.colcon_core.shell:Creating package script '/home/abdoulaziz/swarm/formation_ws/install/formation_control/share/formation_control/package.zsh'
[97.713s] Level 1:colcon.colcon_core.environment:create_file_with_runtime_dependencies(/home/abdoulaziz/swarm/formation_ws/install/formation_control/share/colcon-core/packages/formation_control)
[97.713s] INFO:colcon.colcon_ros.task.ament_python.build:Building ROS package in '/home/abdoulaziz/swarm/formation_ws/src/formation_bringup' with build type 'ament_python'
[97.713s] Level 1:colcon.colcon_core.shell:create_environment_hook('formation_bringup', 'ament_prefix_path')
[97.713s] INFO:colcon.colcon_core.shell:Creating environment hook '/home/abdoulaziz/swarm/formation_ws/install/formation_bringup/share/formation_bringup/hook/ament_prefix_path.ps1'
[97.714s] INFO:colcon.colcon_core.shell:Creating environment descriptor '/home/abdoulaziz/swarm/formation_ws/install/formation_bringup/share/formation_bringup/hook/ament_prefix_path.dsv'
[97.714s] INFO:colcon.colcon_core.shell:Creating environment hook '/home/abdoulaziz/swarm/formation_ws/install/formation_bringup/share/formation_bringup/hook/ament_prefix_path.sh'
[97.714s] INFO:colcon.colcon_core.shell:Skip shell extension 'powershell' for command environment: Not usable outside of PowerShell
[97.714s] DEBUG:colcon.colcon_core.shell:Skip shell extension 'dsv' for command environment
[97.850s] INFO:colcon.colcon_core.task.python.build:Building Python package in '/home/abdoulaziz/swarm/formation_ws/src/formation_bringup'
[97.850s] INFO:colcon.colcon_core.shell:Skip shell extension 'powershell' for command environment: Not usable outside of PowerShell
[97.850s] DEBUG:colcon.colcon_core.shell:Skip shell extension 'dsv' for command environment
[98.066s] DEBUG:colcon.colcon_core.event_handler.log_command:Invoking command in '/home/abdoulaziz/swarm/formation_ws/src/formation_bringup': AMENT_PREFIX_PATH=/home/abdoulaziz/swarm/formation_ws/install/formation_control:/home/abdoulaziz/swarm/formation_ws/install/px4_msgs:/home/abdoulaziz/swarm/formation_ws/install/formation_interfaces:/home/abdoulaziz/swarm/formation_ws/install/formation_core:${AMENT_PREFIX_PATH} CMAKE_PREFIX_PATH=/home/abdoulaziz/swarm/formation_ws/install/px4_msgs:/home/abdoulaziz/swarm/formation_ws/install/formation_interfaces LD_LIBRARY_PATH=/home/abdoulaziz/swarm/formation_ws/install/px4_msgs/lib:/home/abdoulaziz/swarm/formation_ws/install/formation_interfaces/lib:${LD_LIBRARY_PATH} PYTHONPATH=/home/abdoulaziz/swarm/formation_ws/build/formation_bringup/prefix_override:/usr/lib/python3/dist-packages/colcon_core/task/python/colcon_distutils_commands:/home/abdoulaziz/swarm/formation_ws/install/formation_bringup/lib/python3.10/site-packages:/home/abdoulaziz/swarm/formation_ws/install/formation_control/lib/python3.10/site-packages:/home/abdoulaziz/swarm/formation_ws/install/px4_msgs/local/lib/python3.10/dist-packages:/home/abdoulaziz/swarm/formation_ws/install/formation_interfaces/local/lib/python3.10/dist-packages:/home/abdoulaziz/swarm/formation_ws/install/formation_core/lib/python3.10/site-packages:${PYTHONPATH} /usr/bin/python3 -W ignore:setup.py install is deprecated -W ignore:easy_install command is deprecated setup.py egg_info --egg-base ../../build/formation_bringup build --build-base /home/abdoulaziz/swarm/formation_ws/build/formation_bringup/build install --record /home/abdoulaziz/swarm/formation_ws/build/formation_bringup/install.log --single-version-externally-managed install_data
[98.216s] Level 1:colcon.colcon_core.environment:checking '/home/abdoulaziz/swarm/formation_ws/install/formation_bringup' for CMake module files
[98.216s] DEBUG:colcon.colcon_core.event_handler.log_command:Invoked command in '/home/abdoulaziz/swarm/formation_ws/src/formation_bringup' returned '0': AMENT_PREFIX_PATH=/home/abdoulaziz/swarm/formation_ws/install/formation_control:/home/abdoulaziz/swarm/formation_ws/install/px4_msgs:/home/abdoulaziz/swarm/formation_ws/install/formation_interfaces:/home/abdoulaziz/swarm/formation_ws/install/formation_core:${AMENT_PREFIX_PATH} CMAKE_PREFIX_PATH=/home/abdoulaziz/swarm/formation_ws/install/px4_msgs:/home/abdoulaziz/swarm/formation_ws/install/formation_interfaces LD_LIBRARY_PATH=/home/abdoulaziz/swarm/formation_ws/install/px4_msgs/lib:/home/abdoulaziz/swarm/formation_ws/install/formation_interfaces/lib:${LD_LIBRARY_PATH} PYTHONPATH=/home/abdoulaziz/swarm/formation_ws/build/formation_bringup/prefix_override:/usr/lib/python3/dist-packages/colcon_core/task/python/colcon_distutils_commands:/home/abdoulaziz/swarm/formation_ws/install/formation_bringup/lib/python3.10/site-packages:/home/abdoulaziz/swarm/formation_ws/install/formation_control/lib/python3.10/site-packages:/home/abdoulaziz/swarm/formation_ws/install/px4_msgs/local/lib/python3.10/dist-packages:/home/abdoulaziz/swarm/formation_ws/install/formation_interfaces/local/lib/python3.10/dist-packages:/home/abdoulaziz/swarm/formation_ws/install/formation_core/lib/python3.10/site-packages:${PYTHONPATH} /usr/bin/python3 -W ignore:setup.py install is deprecated -W ignore:easy_install command is deprecated setup.py egg_info --egg-base ../../build/formation_bringup build --build-base /home/abdoulaziz/swarm/formation_ws/build/formation_bringup/build install --record /home/abdoulaziz/swarm/formation_ws/build/formation_bringup/install.log --single-version-externally-managed install_data
[98.216s] Level 1:colcon.colcon_core.environment:checking '/home/abdoulaziz/swarm/formation_ws/install/formation_bringup' for CMake config files
[98.217s] Level 1:colcon.colcon_core.environment:checking '/home/abdoulaziz/swarm/formation_ws/install/formation_bringup/lib'
[98.217s] Level 1:colcon.colcon_core.environment:checking '/home/abdoulaziz/swarm/formation_ws/install/formation_bringup/bin'
[98.217s] Level 1:colcon.colcon_core.environment:checking '/home/abdoulaziz/swarm/formation_ws/install/formation_bringup/lib/pkgconfig/formation_bringup.pc'
[98.217s] Level 1:colcon.colcon_core.environment:checking '/home/abdoulaziz/swarm/formation_ws/install/formation_bringup/lib/python3.10/site-packages'
[98.217s] Level 1:colcon.colcon_core.shell:create_environment_hook('formation_bringup', 'pythonpath')
[98.217s] INFO:colcon.colcon_core.shell:Creating environment hook '/home/abdoulaziz/swarm/formation_ws/install/formation_bringup/share/formation_bringup/hook/pythonpath.ps1'
[98.217s] INFO:colcon.colcon_core.shell:Creating environment descriptor '/home/abdoulaziz/swarm/formation_ws/install/formation_bringup/share/formation_bringup/hook/pythonpath.dsv'
[98.217s] INFO:colcon.colcon_core.shell:Creating environment hook '/home/abdoulaziz/swarm/formation_ws/install/formation_bringup/share/formation_bringup/hook/pythonpath.sh'
[98.218s] Level 1:colcon.colcon_core.environment:checking '/home/abdoulaziz/swarm/formation_ws/install/formation_bringup/bin'
[98.218s] Level 1:colcon.colcon_core.environment:create_environment_scripts_only(formation_bringup)
[98.218s] INFO:colcon.colcon_core.shell:Creating package script '/home/abdoulaziz/swarm/formation_ws/install/formation_bringup/share/formation_bringup/package.ps1'
[98.218s] INFO:colcon.colcon_core.shell:Creating package descriptor '/home/abdoulaziz/swarm/formation_ws/install/formation_bringup/share/formation_bringup/package.dsv'
[98.218s] INFO:colcon.colcon_core.shell:Creating package script '/home/abdoulaziz/swarm/formation_ws/install/formation_bringup/share/formation_bringup/package.sh'
[98.218s] INFO:colcon.colcon_core.shell:Creating package script '/home/abdoulaziz/swarm/formation_ws/install/formation_bringup/share/formation_bringup/package.bash'
[98.218s] INFO:colcon.colcon_core.shell:Creating package script '/home/abdoulaziz/swarm/formation_ws/install/formation_bringup/share/formation_bringup/package.zsh'
[98.219s] Level 1:colcon.colcon_core.environment:create_file_with_runtime_dependencies(/home/abdoulaziz/swarm/formation_ws/install/formation_bringup/share/colcon-core/packages/formation_bringup)
[98.219s] DEBUG:colcon.colcon_parallel_executor.executor.parallel:closing loop
[98.219s] DEBUG:colcon.colcon_parallel_executor.executor.parallel:loop closed
[98.219s] DEBUG:colcon.colcon_parallel_executor.executor.parallel:run_until_complete finished with '0'
[98.219s] DEBUG:colcon.colcon_core.event_reactor:joining thread
[98.225s] INFO:colcon.colcon_core.plugin_system:Skipping extension 'colcon_notification.desktop_notification.terminal_notifier': Not used on non-Darwin systems
[98.225s] INFO:colcon.colcon_core.plugin_system:Skipping extension 'colcon_notification.desktop_notification.win32': Not used on non-Windows systems
[98.225s] INFO:colcon.colcon_notification.desktop_notification:Sending desktop notification using 'notify2'
[98.232s] DEBUG:colcon.colcon_core.event_reactor:joined thread
[98.232s] INFO:colcon.colcon_core.shell:Creating prefix script '/home/abdoulaziz/swarm/formation_ws/install/local_setup.ps1'
[98.232s] INFO:colcon.colcon_core.shell:Creating prefix util module '/home/abdoulaziz/swarm/formation_ws/install/_local_setup_util_ps1.py'
[98.233s] INFO:colcon.colcon_core.shell:Creating prefix chain script '/home/abdoulaziz/swarm/formation_ws/install/setup.ps1'
[98.234s] INFO:colcon.colcon_core.shell:Creating prefix script '/home/abdoulaziz/swarm/formation_ws/install/local_setup.sh'
[98.234s] INFO:colcon.colcon_core.shell:Creating prefix util module '/home/abdoulaziz/swarm/formation_ws/install/_local_setup_util_sh.py'
[98.234s] INFO:colcon.colcon_core.shell:Creating prefix chain script '/home/abdoulaziz/swarm/formation_ws/install/setup.sh'
[98.235s] INFO:colcon.colcon_core.shell:Creating prefix script '/home/abdoulaziz/swarm/formation_ws/install/local_setup.bash'
[98.235s] INFO:colcon.colcon_core.shell:Creating prefix chain script '/home/abdoulaziz/swarm/formation_ws/install/setup.bash'
[98.236s] INFO:colcon.colcon_core.shell:Creating prefix script '/home/abdoulaziz/swarm/formation_ws/install/local_setup.zsh'
[98.236s] INFO:colcon.colcon_core.shell:Creating prefix chain script '/home/abdoulaziz/swarm/formation_ws/install/setup.zsh'
