-- The C compiler identification is GNU 11.4.0
-- The CXX compiler identification is GNU 11.4.0
-- Detecting C compiler ABI info
-- Detecting C compiler ABI info - done
-- Check for working C compiler: /usr/bin/cc - skipped
-- Detecting C compile features
-- Detecting C compile features - done
-- Detecting CXX compiler ABI info
-- Detecting CXX compiler ABI info - done
-- Check for working CXX compiler: /usr/bin/c++ - skipped
-- Detecting CXX compile features
-- Detecting CXX compile features - done
-- Found ament_cmake: 1.3.14 (/opt/ros/humble/share/ament_cmake/cmake)
-- Found Python3: /usr/bin/python3 (found version "3.10.12") found components: Interpreter 
-- Found rosidl_default_generators: 1.2.1 (/opt/ros/humble/share/rosidl_default_generators/cmake)
-- Using all available rosidl_typesupport_c: rosidl_typesupport_fastrtps_c;rosidl_typesupport_introspection_c
-- Found rosidl_adapter: 3.1.8 (/opt/ros/humble/share/rosidl_adapter/cmake)
-- Using all available rosidl_typesupport_cpp: rosidl_typesupport_fastrtps_cpp;rosidl_typesupport_introspection_cpp
-- Found ament_cmake_ros: 0.10.0 (/opt/ros/humble/share/ament_cmake_ros/cmake)
-- Using all available rosidl_typesupport_c: rosidl_typesupport_fastrtps_c;rosidl_typesupport_introspection_c
-- Using all available rosidl_typesupport_cpp: rosidl_typesupport_fastrtps_cpp;rosidl_typesupport_introspection_cpp
-- Found PythonInterp: /usr/bin/python3 (found suitable version "3.10.12", minimum required is "3.6") 
-- Found python_cmake_module: 0.10.0 (/opt/ros/humble/share/python_cmake_module/cmake)
-- Found PythonLibs: /usr/lib/x86_64-linux-gnu/libpython3.10.so (found suitable version "3.10.12", minimum required is "3.5") 
-- Using PYTHON_EXECUTABLE: /usr/bin/python3
-- Using PYTHON_INCLUDE_DIRS: /usr/include/python3.10
-- Using PYTHON_LIBRARIES: /usr/lib/x86_64-linux-gnu/libpython3.10.so
-- Found PythonExtra: .so  
-- Configuring done
-- Generating done
-- Build files have been written to: /home/abdoulaziz/swarm/formation_ws/build/formation_interfaces
[  2%] [34m[1mGenerating C code for ROS interfaces[0m
[  5%] [34m[1mGenerating Rust code for ROS interfaces[0m
[  7%] [34m[1mGenerating C++ code for ROS interfaces[0m
[  7%] Built target ament_cmake_python_copy_formation_interfaces
running egg_info
creating formation_interfaces.egg-info
writing formation_interfaces.egg-info/PKG-INFO
writing dependency_links to formation_interfaces.egg-info/dependency_links.txt
writing top-level names to formation_interfaces.egg-info/top_level.txt
writing manifest file 'formation_interfaces.egg-info/SOURCES.txt'
reading manifest file 'formation_interfaces.egg-info/SOURCES.txt'
writing manifest file 'formation_interfaces.egg-info/SOURCES.txt'
[  7%] Built target ament_cmake_python_build_formation_interfaces_egg
[  7%] Built target formation_interfaces__rs
[  7%] Built target formation_interfaces__cpp
[ 10%] [34m[1mGenerating C++ type support dispatch for ROS interfaces[0m
[ 12%] [34m[1mGenerating C++ type support for eProsima Fast-RTPS[0m
[ 15%] [34m[1mGenerating C++ introspection for ROS interfaces[0m
[ 17%] [32mBuilding C object CMakeFiles/formation_interfaces__rosidl_generator_c.dir/rosidl_generator_c/formation_interfaces/msg/detail/leader_state__functions.c.o[0m
[ 20%] [32mBuilding C object CMakeFiles/formation_interfaces__rosidl_generator_c.dir/rosidl_generator_c/formation_interfaces/msg/detail/drone_state__functions.c.o[0m
[ 22%] [32m[1mLinking C shared library libformation_interfaces__rosidl_generator_c.so[0m
[ 22%] Built target formation_interfaces__rosidl_generator_c
[ 27%] [34m[1mGenerating C type support for eProsima Fast-RTPS[0m
[ 27%] [34m[1mGenerating C introspection for ROS interfaces[0m
[ 30%] [34m[1mGenerating C type support dispatch for ROS interfaces[0m
[ 32%] [32mBuilding CXX object CMakeFiles/formation_interfaces__rosidl_typesupport_cpp.dir/rosidl_typesupport_cpp/formation_interfaces/msg/leader_state__type_support.cpp.o[0m
[ 35%] [32mBuilding CXX object CMakeFiles/formation_interfaces__rosidl_typesupport_cpp.dir/rosidl_typesupport_cpp/formation_interfaces/msg/drone_state__type_support.cpp.o[0m
[ 37%] [32mBuilding CXX object CMakeFiles/formation_interfaces__rosidl_typesupport_introspection_cpp.dir/rosidl_typesupport_introspection_cpp/formation_interfaces/msg/detail/drone_state__type_support.cpp.o[0m
[ 40%] [32mBuilding CXX object CMakeFiles/formation_interfaces__rosidl_typesupport_introspection_cpp.dir/rosidl_typesupport_introspection_cpp/formation_interfaces/msg/detail/leader_state__type_support.cpp.o[0m
[ 45%] [32mBuilding CXX object CMakeFiles/formation_interfaces__rosidl_typesupport_fastrtps_cpp.dir/rosidl_typesupport_fastrtps_cpp/formation_interfaces/msg/detail/dds_fastrtps/leader_state__type_support.cpp.o[0m
[ 45%] [32mBuilding CXX object CMakeFiles/formation_interfaces__rosidl_typesupport_fastrtps_cpp.dir/rosidl_typesupport_fastrtps_cpp/formation_interfaces/msg/detail/dds_fastrtps/drone_state__type_support.cpp.o[0m
[ 47%] [32mBuilding CXX object CMakeFiles/formation_interfaces__rosidl_typesupport_c.dir/rosidl_typesupport_c/formation_interfaces/msg/leader_state__type_support.cpp.o[0m
[ 50%] [32mBuilding CXX object CMakeFiles/formation_interfaces__rosidl_typesupport_c.dir/rosidl_typesupport_c/formation_interfaces/msg/drone_state__type_support.cpp.o[0m
[ 55%] [32mBuilding C object CMakeFiles/formation_interfaces__rosidl_typesupport_introspection_c.dir/rosidl_typesupport_introspection_c/formation_interfaces/msg/detail/leader_state__type_support.c.o[0m
[ 55%] [32mBuilding C object CMakeFiles/formation_interfaces__rosidl_typesupport_introspection_c.dir/rosidl_typesupport_introspection_c/formation_interfaces/msg/detail/drone_state__type_support.c.o[0m
[ 57%] [32mBuilding CXX object CMakeFiles/formation_interfaces__rosidl_typesupport_fastrtps_c.dir/rosidl_typesupport_fastrtps_c/formation_interfaces/msg/detail/drone_state__type_support_c.cpp.o[0m
[ 60%] [32mBuilding CXX object CMakeFiles/formation_interfaces__rosidl_typesupport_fastrtps_c.dir/rosidl_typesupport_fastrtps_c/formation_interfaces/msg/detail/leader_state__type_support_c.cpp.o[0m
[ 62%] [32m[1mLinking CXX shared library libformation_interfaces__rosidl_typesupport_c.so[0m
[ 65%] [32m[1mLinking C shared library libformation_interfaces__rosidl_typesupport_introspection_c.so[0m
[ 65%] Built target formation_interfaces__rosidl_typesupport_c
[ 65%] Built target formation_interfaces__rosidl_typesupport_introspection_c
[ 67%] [32m[1mLinking CXX shared library libformation_interfaces__rosidl_typesupport_cpp.so[0m
[ 67%] Built target formation_interfaces__rosidl_typesupport_cpp
[ 70%] [32m[1mLinking CXX shared library libformation_interfaces__rosidl_typesupport_introspection_cpp.so[0m
[ 72%] [32m[1mLinking CXX shared library libformation_interfaces__rosidl_typesupport_fastrtps_cpp.so[0m
[ 75%] [32m[1mLinking CXX shared library libformation_interfaces__rosidl_typesupport_fastrtps_c.so[0m
[ 75%] Built target formation_interfaces__rosidl_typesupport_introspection_cpp
[ 75%] Built target formation_interfaces__rosidl_typesupport_fastrtps_cpp
[ 75%] Built target formation_interfaces__rosidl_typesupport_fastrtps_c
[ 75%] Built target formation_interfaces
[ 77%] [34m[1mGenerating Python code for ROS interfaces[0m
[ 77%] Built target formation_interfaces__py
[ 82%] [32mBuilding C object CMakeFiles/formation_interfaces__rosidl_generator_py.dir/rosidl_generator_py/formation_interfaces/msg/_drone_state_s.c.o[0m
[ 82%] [32mBuilding C object CMakeFiles/formation_interfaces__rosidl_generator_py.dir/rosidl_generator_py/formation_interfaces/msg/_leader_state_s.c.o[0m
[ 85%] [32m[1mLinking C shared library rosidl_generator_py/formation_interfaces/libformation_interfaces__rosidl_generator_py.so[0m
[ 85%] Built target formation_interfaces__rosidl_generator_py
[ 87%] [32mBuilding C object CMakeFiles/formation_interfaces__rosidl_typesupport_fastrtps_c__pyext.dir/rosidl_generator_py/formation_interfaces/_formation_interfaces_s.ep.rosidl_typesupport_fastrtps_c.c.o[0m
[ 90%] [32mBuilding C object CMakeFiles/formation_interfaces__rosidl_typesupport_c__pyext.dir/rosidl_generator_py/formation_interfaces/_formation_interfaces_s.ep.rosidl_typesupport_c.c.o[0m
[ 92%] [32mBuilding C object CMakeFiles/formation_interfaces__rosidl_typesupport_introspection_c__pyext.dir/rosidl_generator_py/formation_interfaces/_formation_interfaces_s.ep.rosidl_typesupport_introspection_c.c.o[0m
[ 95%] [32m[1mLinking C shared library rosidl_generator_py/formation_interfaces/formation_interfaces_s__rosidl_typesupport_c.cpython-310-x86_64-linux-gnu.so[0m
[ 97%] [32m[1mLinking C shared library rosidl_generator_py/formation_interfaces/formation_interfaces_s__rosidl_typesupport_introspection_c.cpython-310-x86_64-linux-gnu.so[0m
[100%] [32m[1mLinking C shared library rosidl_generator_py/formation_interfaces/formation_interfaces_s__rosidl_typesupport_fastrtps_c.cpython-310-x86_64-linux-gnu.so[0m
[100%] Built target formation_interfaces__rosidl_typesupport_introspection_c__pyext
[100%] Built target formation_interfaces__rosidl_typesupport_c__pyext
[100%] Built target formation_interfaces__rosidl_typesupport_fastrtps_c__pyext
-- Install configuration: ""
-- Installing: /home/abdoulaziz/swarm/formation_ws/install/formation_interfaces/share/ament_index/resource_index/rosidl_interfaces/formation_interfaces
-- Installing: /home/abdoulaziz/swarm/formation_ws/install/formation_interfaces/include/formation_interfaces/formation_interfaces
-- Installing: /home/abdoulaziz/swarm/formation_ws/install/formation_interfaces/include/formation_interfaces/formation_interfaces/msg
-- Installing: /home/abdoulaziz/swarm/formation_ws/install/formation_interfaces/include/formation_interfaces/formation_interfaces/msg/drone_state.h
-- Installing: /home/abdoulaziz/swarm/formation_ws/install/formation_interfaces/include/formation_interfaces/formation_interfaces/msg/rosidl_generator_c__visibility_control.h
-- Installing: /home/abdoulaziz/swarm/formation_ws/install/formation_interfaces/include/formation_interfaces/formation_interfaces/msg/leader_state.h
-- Installing: /home/abdoulaziz/swarm/formation_ws/install/formation_interfaces/include/formation_interfaces/formation_interfaces/msg/detail
-- Installing: /home/abdoulaziz/swarm/formation_ws/install/formation_interfaces/include/formation_interfaces/formation_interfaces/msg/detail/drone_state__type_support.h
-- Installing: /home/abdoulaziz/swarm/formation_ws/install/formation_interfaces/include/formation_interfaces/formation_interfaces/msg/detail/leader_state__functions.h
-- Installing: /home/abdoulaziz/swarm/formation_ws/install/formation_interfaces/include/formation_interfaces/formation_interfaces/msg/detail/leader_state__struct.h
-- Installing: /home/abdoulaziz/swarm/formation_ws/install/formation_interfaces/include/formation_interfaces/formation_interfaces/msg/detail/leader_state__functions.c
-- Installing: /home/abdoulaziz/swarm/formation_ws/install/formation_interfaces/include/formation_interfaces/formation_interfaces/msg/detail/drone_state__struct.h
-- Installing: /home/abdoulaziz/swarm/formation_ws/install/formation_interfaces/include/formation_interfaces/formation_interfaces/msg/detail/drone_state__functions.c
-- Installing: /home/abdoulaziz/swarm/formation_ws/install/formation_interfaces/include/formation_interfaces/formation_interfaces/msg/detail/leader_state__type_support.h
-- Installing: /home/abdoulaziz/swarm/formation_ws/install/formation_interfaces/include/formation_interfaces/formation_interfaces/msg/detail/drone_state__functions.h
-- Installing: /home/abdoulaziz/swarm/formation_ws/install/formation_interfaces/share/formation_interfaces/environment/library_path.sh
-- Installing: /home/abdoulaziz/swarm/formation_ws/install/formation_interfaces/share/formation_interfaces/environment/library_path.dsv
-- Installing: /home/abdoulaziz/swarm/formation_ws/install/formation_interfaces/lib/libformation_interfaces__rosidl_generator_c.so
-- Set runtime path of "/home/abdoulaziz/swarm/formation_ws/install/formation_interfaces/lib/libformation_interfaces__rosidl_generator_c.so" to ""
-- Up-to-date: /home/abdoulaziz/swarm/formation_ws/install/formation_interfaces/include/formation_interfaces/formation_interfaces
-- Up-to-date: /home/abdoulaziz/swarm/formation_ws/install/formation_interfaces/include/formation_interfaces/formation_interfaces/msg
-- Installing: /home/abdoulaziz/swarm/formation_ws/install/formation_interfaces/include/formation_interfaces/formation_interfaces/msg/rosidl_typesupport_fastrtps_c__visibility_control.h
-- Up-to-date: /home/abdoulaziz/swarm/formation_ws/install/formation_interfaces/include/formation_interfaces/formation_interfaces/msg/detail
-- Installing: /home/abdoulaziz/swarm/formation_ws/install/formation_interfaces/include/formation_interfaces/formation_interfaces/msg/detail/drone_state__rosidl_typesupport_fastrtps_c.h
-- Installing: /home/abdoulaziz/swarm/formation_ws/install/formation_interfaces/include/formation_interfaces/formation_interfaces/msg/detail/leader_state__rosidl_typesupport_fastrtps_c.h
-- Installing: /home/abdoulaziz/swarm/formation_ws/install/formation_interfaces/lib/libformation_interfaces__rosidl_typesupport_fastrtps_c.so
-- Set runtime path of "/home/abdoulaziz/swarm/formation_ws/install/formation_interfaces/lib/libformation_interfaces__rosidl_typesupport_fastrtps_c.so" to ""
-- Up-to-date: /home/abdoulaziz/swarm/formation_ws/install/formation_interfaces/include/formation_interfaces/formation_interfaces
-- Up-to-date: /home/abdoulaziz/swarm/formation_ws/install/formation_interfaces/include/formation_interfaces/formation_interfaces/msg
-- Installing: /home/abdoulaziz/swarm/formation_ws/install/formation_interfaces/include/formation_interfaces/formation_interfaces/msg/rosidl_typesupport_introspection_c__visibility_control.h
-- Up-to-date: /home/abdoulaziz/swarm/formation_ws/install/formation_interfaces/include/formation_interfaces/formation_interfaces/msg/detail
-- Installing: /home/abdoulaziz/swarm/formation_ws/install/formation_interfaces/include/formation_interfaces/formation_interfaces/msg/detail/drone_state__rosidl_typesupport_introspection_c.h
-- Installing: /home/abdoulaziz/swarm/formation_ws/install/formation_interfaces/include/formation_interfaces/formation_interfaces/msg/detail/leader_state__type_support.c
-- Installing: /home/abdoulaziz/swarm/formation_ws/install/formation_interfaces/include/formation_interfaces/formation_interfaces/msg/detail/drone_state__type_support.c
-- Installing: /home/abdoulaziz/swarm/formation_ws/install/formation_interfaces/include/formation_interfaces/formation_interfaces/msg/detail/leader_state__rosidl_typesupport_introspection_c.h
-- Installing: /home/abdoulaziz/swarm/formation_ws/install/formation_interfaces/lib/libformation_interfaces__rosidl_typesupport_introspection_c.so
-- Set runtime path of "/home/abdoulaziz/swarm/formation_ws/install/formation_interfaces/lib/libformation_interfaces__rosidl_typesupport_introspection_c.so" to ""
-- Installing: /home/abdoulaziz/swarm/formation_ws/install/formation_interfaces/lib/libformation_interfaces__rosidl_typesupport_c.so
-- Set runtime path of "/home/abdoulaziz/swarm/formation_ws/install/formation_interfaces/lib/libformation_interfaces__rosidl_typesupport_c.so" to ""
-- Up-to-date: /home/abdoulaziz/swarm/formation_ws/install/formation_interfaces/include/formation_interfaces/formation_interfaces
-- Up-to-date: /home/abdoulaziz/swarm/formation_ws/install/formation_interfaces/include/formation_interfaces/formation_interfaces/msg
-- Installing: /home/abdoulaziz/swarm/formation_ws/install/formation_interfaces/include/formation_interfaces/formation_interfaces/msg/drone_state.hpp
-- Installing: /home/abdoulaziz/swarm/formation_ws/install/formation_interfaces/include/formation_interfaces/formation_interfaces/msg/leader_state.hpp
-- Installing: /home/abdoulaziz/swarm/formation_ws/install/formation_interfaces/include/formation_interfaces/formation_interfaces/msg/rosidl_generator_cpp__visibility_control.hpp
-- Up-to-date: /home/abdoulaziz/swarm/formation_ws/install/formation_interfaces/include/formation_interfaces/formation_interfaces/msg/detail
-- Installing: /home/abdoulaziz/swarm/formation_ws/install/formation_interfaces/include/formation_interfaces/formation_interfaces/msg/detail/leader_state__struct.hpp
-- Installing: /home/abdoulaziz/swarm/formation_ws/install/formation_interfaces/include/formation_interfaces/formation_interfaces/msg/detail/drone_state__struct.hpp
-- Installing: /home/abdoulaziz/swarm/formation_ws/install/formation_interfaces/include/formation_interfaces/formation_interfaces/msg/detail/drone_state__traits.hpp
-- Installing: /home/abdoulaziz/swarm/formation_ws/install/formation_interfaces/include/formation_interfaces/formation_interfaces/msg/detail/leader_state__type_support.hpp
-- Installing: /home/abdoulaziz/swarm/formation_ws/install/formation_interfaces/include/formation_interfaces/formation_interfaces/msg/detail/leader_state__builder.hpp
-- Installing: /home/abdoulaziz/swarm/formation_ws/install/formation_interfaces/include/formation_interfaces/formation_interfaces/msg/detail/leader_state__traits.hpp
-- Installing: /home/abdoulaziz/swarm/formation_ws/install/formation_interfaces/include/formation_interfaces/formation_interfaces/msg/detail/drone_state__type_support.hpp
-- Installing: /home/abdoulaziz/swarm/formation_ws/install/formation_interfaces/include/formation_interfaces/formation_interfaces/msg/detail/drone_state__builder.hpp
-- Up-to-date: /home/abdoulaziz/swarm/formation_ws/install/formation_interfaces/include/formation_interfaces/formation_interfaces
-- Up-to-date: /home/abdoulaziz/swarm/formation_ws/install/formation_interfaces/include/formation_interfaces/formation_interfaces/msg
-- Installing: /home/abdoulaziz/swarm/formation_ws/install/formation_interfaces/include/formation_interfaces/formation_interfaces/msg/rosidl_typesupport_fastrtps_cpp__visibility_control.h
-- Up-to-date: /home/abdoulaziz/swarm/formation_ws/install/formation_interfaces/include/formation_interfaces/formation_interfaces/msg/detail
-- Installing: /home/abdoulaziz/swarm/formation_ws/install/formation_interfaces/include/formation_interfaces/formation_interfaces/msg/detail/leader_state__rosidl_typesupport_fastrtps_cpp.hpp
-- Installing: /home/abdoulaziz/swarm/formation_ws/install/formation_interfaces/include/formation_interfaces/formation_interfaces/msg/detail/dds_fastrtps
-- Installing: /home/abdoulaziz/swarm/formation_ws/install/formation_interfaces/include/formation_interfaces/formation_interfaces/msg/detail/drone_state__rosidl_typesupport_fastrtps_cpp.hpp
-- Installing: /home/abdoulaziz/swarm/formation_ws/install/formation_interfaces/lib/libformation_interfaces__rosidl_typesupport_fastrtps_cpp.so
-- Set runtime path of "/home/abdoulaziz/swarm/formation_ws/install/formation_interfaces/lib/libformation_interfaces__rosidl_typesupport_fastrtps_cpp.so" to ""
-- Up-to-date: /home/abdoulaziz/swarm/formation_ws/install/formation_interfaces/include/formation_interfaces/formation_interfaces
-- Up-to-date: /home/abdoulaziz/swarm/formation_ws/install/formation_interfaces/include/formation_interfaces/formation_interfaces/msg
-- Up-to-date: /home/abdoulaziz/swarm/formation_ws/install/formation_interfaces/include/formation_interfaces/formation_interfaces/msg/detail
-- Installing: /home/abdoulaziz/swarm/formation_ws/install/formation_interfaces/include/formation_interfaces/formation_interfaces/msg/detail/leader_state__type_support.cpp
-- Installing: /home/abdoulaziz/swarm/formation_ws/install/formation_interfaces/include/formation_interfaces/formation_interfaces/msg/detail/leader_state__rosidl_typesupport_introspection_cpp.hpp
-- Installing: /home/abdoulaziz/swarm/formation_ws/install/formation_interfaces/include/formation_interfaces/formation_interfaces/msg/detail/drone_state__rosidl_typesupport_introspection_cpp.hpp
-- Installing: /home/abdoulaziz/swarm/formation_ws/install/formation_interfaces/include/formation_interfaces/formation_interfaces/msg/detail/drone_state__type_support.cpp
-- Installing: /home/abdoulaziz/swarm/formation_ws/install/formation_interfaces/lib/libformation_interfaces__rosidl_typesupport_introspection_cpp.so
-- Set runtime path of "/home/abdoulaziz/swarm/formation_ws/install/formation_interfaces/lib/libformation_interfaces__rosidl_typesupport_introspection_cpp.so" to ""
-- Installing: /home/abdoulaziz/swarm/formation_ws/install/formation_interfaces/lib/libformation_interfaces__rosidl_typesupport_cpp.so
-- Set runtime path of "/home/abdoulaziz/swarm/formation_ws/install/formation_interfaces/lib/libformation_interfaces__rosidl_typesupport_cpp.so" to ""
-- Installing: /home/abdoulaziz/swarm/formation_ws/install/formation_interfaces/share/formation_interfaces/environment/pythonpath.sh
-- Installing: /home/abdoulaziz/swarm/formation_ws/install/formation_interfaces/share/formation_interfaces/environment/pythonpath.dsv
-- Installing: /home/abdoulaziz/swarm/formation_ws/install/formation_interfaces/local/lib/python3.10/dist-packages/formation_interfaces-0.1.0-py3.10.egg-info
-- Installing: /home/abdoulaziz/swarm/formation_ws/install/formation_interfaces/local/lib/python3.10/dist-packages/formation_interfaces-0.1.0-py3.10.egg-info/PKG-INFO
-- Installing: /home/abdoulaziz/swarm/formation_ws/install/formation_interfaces/local/lib/python3.10/dist-packages/formation_interfaces-0.1.0-py3.10.egg-info/dependency_links.txt
-- Installing: /home/abdoulaziz/swarm/formation_ws/install/formation_interfaces/local/lib/python3.10/dist-packages/formation_interfaces-0.1.0-py3.10.egg-info/top_level.txt
-- Installing: /home/abdoulaziz/swarm/formation_ws/install/formation_interfaces/local/lib/python3.10/dist-packages/formation_interfaces-0.1.0-py3.10.egg-info/SOURCES.txt
-- Installing: /home/abdoulaziz/swarm/formation_ws/install/formation_interfaces/local/lib/python3.10/dist-packages/formation_interfaces
-- Installing: /home/abdoulaziz/swarm/formation_ws/install/formation_interfaces/local/lib/python3.10/dist-packages/formation_interfaces/_formation_interfaces_s.ep.rosidl_typesupport_introspection_c.c
-- Installing: /home/abdoulaziz/swarm/formation_ws/install/formation_interfaces/local/lib/python3.10/dist-packages/formation_interfaces/_formation_interfaces_s.ep.rosidl_typesupport_c.c
-- Installing: /home/abdoulaziz/swarm/formation_ws/install/formation_interfaces/local/lib/python3.10/dist-packages/formation_interfaces/_formation_interfaces_s.ep.rosidl_typesupport_fastrtps_c.c
-- Installing: /home/abdoulaziz/swarm/formation_ws/install/formation_interfaces/local/lib/python3.10/dist-packages/formation_interfaces/msg
-- Installing: /home/abdoulaziz/swarm/formation_ws/install/formation_interfaces/local/lib/python3.10/dist-packages/formation_interfaces/msg/_leader_state_s.c
-- Installing: /home/abdoulaziz/swarm/formation_ws/install/formation_interfaces/local/lib/python3.10/dist-packages/formation_interfaces/msg/_drone_state_s.c
-- Installing: /home/abdoulaziz/swarm/formation_ws/install/formation_interfaces/local/lib/python3.10/dist-packages/formation_interfaces/msg/_drone_state.py
-- Installing: /home/abdoulaziz/swarm/formation_ws/install/formation_interfaces/local/lib/python3.10/dist-packages/formation_interfaces/msg/_leader_state.py
-- Installing: /home/abdoulaziz/swarm/formation_ws/install/formation_interfaces/local/lib/python3.10/dist-packages/formation_interfaces/msg/__init__.py
-- Installing: /home/abdoulaziz/swarm/formation_ws/install/formation_interfaces/local/lib/python3.10/dist-packages/formation_interfaces/libformation_interfaces__rosidl_generator_py.so
-- Installing: /home/abdoulaziz/swarm/formation_ws/install/formation_interfaces/local/lib/python3.10/dist-packages/formation_interfaces/formation_interfaces_s__rosidl_typesupport_introspection_c.cpython-310-x86_64-linux-gnu.so
-- Installing: /home/abdoulaziz/swarm/formation_ws/install/formation_interfaces/local/lib/python3.10/dist-packages/formation_interfaces/formation_interfaces_s__rosidl_typesupport_c.cpython-310-x86_64-linux-gnu.so
-- Installing: /home/abdoulaziz/swarm/formation_ws/install/formation_interfaces/local/lib/python3.10/dist-packages/formation_interfaces/__init__.py
-- Installing: /home/abdoulaziz/swarm/formation_ws/install/formation_interfaces/local/lib/python3.10/dist-packages/formation_interfaces/formation_interfaces_s__rosidl_typesupport_fastrtps_c.cpython-310-x86_64-linux-gnu.so
Listing '/home/abdoulaziz/swarm/formation_ws/install/formation_interfaces/local/lib/python3.10/dist-packages/formation_interfaces'...
Compiling '/home/abdoulaziz/swarm/formation_ws/install/formation_interfaces/local/lib/python3.10/dist-packages/formation_interfaces/__init__.py'...
Listing '/home/abdoulaziz/swarm/formation_ws/install/formation_interfaces/local/lib/python3.10/dist-packages/formation_interfaces/msg'...
Compiling '/home/abdoulaziz/swarm/formation_ws/install/formation_interfaces/local/lib/python3.10/dist-packages/formation_interfaces/msg/__init__.py'...
Compiling '/home/abdoulaziz/swarm/formation_ws/install/formation_interfaces/local/lib/python3.10/dist-packages/formation_interfaces/msg/_drone_state.py'...
Compiling '/home/abdoulaziz/swarm/formation_ws/install/formation_interfaces/local/lib/python3.10/dist-packages/formation_interfaces/msg/_leader_state.py'...
-- Installing: /home/abdoulaziz/swarm/formation_ws/install/formation_interfaces/local/lib/python3.10/dist-packages/formation_interfaces/formation_interfaces_s__rosidl_typesupport_fastrtps_c.cpython-310-x86_64-linux-gnu.so
-- Set runtime path of "/home/abdoulaziz/swarm/formation_ws/install/formation_interfaces/local/lib/python3.10/dist-packages/formation_interfaces/formation_interfaces_s__rosidl_typesupport_fastrtps_c.cpython-310-x86_64-linux-gnu.so" to ""
-- Installing: /home/abdoulaziz/swarm/formation_ws/install/formation_interfaces/local/lib/python3.10/dist-packages/formation_interfaces/formation_interfaces_s__rosidl_typesupport_introspection_c.cpython-310-x86_64-linux-gnu.so
-- Set runtime path of "/home/abdoulaziz/swarm/formation_ws/install/formation_interfaces/local/lib/python3.10/dist-packages/formation_interfaces/formation_interfaces_s__rosidl_typesupport_introspection_c.cpython-310-x86_64-linux-gnu.so" to ""
-- Installing: /home/abdoulaziz/swarm/formation_ws/install/formation_interfaces/local/lib/python3.10/dist-packages/formation_interfaces/formation_interfaces_s__rosidl_typesupport_c.cpython-310-x86_64-linux-gnu.so
-- Set runtime path of "/home/abdoulaziz/swarm/formation_ws/install/formation_interfaces/local/lib/python3.10/dist-packages/formation_interfaces/formation_interfaces_s__rosidl_typesupport_c.cpython-310-x86_64-linux-gnu.so" to ""
-- Installing: /home/abdoulaziz/swarm/formation_ws/install/formation_interfaces/lib/libformation_interfaces__rosidl_generator_py.so
-- Set runtime path of "/home/abdoulaziz/swarm/formation_ws/install/formation_interfaces/lib/libformation_interfaces__rosidl_generator_py.so" to ""
-- Installing: /home/abdoulaziz/swarm/formation_ws/install/formation_interfaces/share/ament_index/resource_index/rust_packages/formation_interfaces
-- Installing: /home/abdoulaziz/swarm/formation_ws/install/formation_interfaces/share/formation_interfaces/rust
-- Installing: /home/abdoulaziz/swarm/formation_ws/install/formation_interfaces/share/formation_interfaces/rust/src
-- Installing: /home/abdoulaziz/swarm/formation_ws/install/formation_interfaces/share/formation_interfaces/rust/src/lib.rs
-- Installing: /home/abdoulaziz/swarm/formation_ws/install/formation_interfaces/share/formation_interfaces/rust/src/msg
-- Installing: /home/abdoulaziz/swarm/formation_ws/install/formation_interfaces/share/formation_interfaces/rust/src/msg/rmw.rs
-- Installing: /home/abdoulaziz/swarm/formation_ws/install/formation_interfaces/share/formation_interfaces/rust/src/msg.rs
-- Installing: /home/abdoulaziz/swarm/formation_ws/install/formation_interfaces/share/formation_interfaces/rust/Cargo.toml
-- Installing: /home/abdoulaziz/swarm/formation_ws/install/formation_interfaces/share/formation_interfaces/rust/build.rs
-- Installing: /home/abdoulaziz/swarm/formation_ws/install/formation_interfaces/share/formation_interfaces/msg/LeaderState.idl
-- Installing: /home/abdoulaziz/swarm/formation_ws/install/formation_interfaces/share/formation_interfaces/msg/DroneState.idl
-- Installing: /home/abdoulaziz/swarm/formation_ws/install/formation_interfaces/share/formation_interfaces/msg/LeaderState.msg
-- Installing: /home/abdoulaziz/swarm/formation_ws/install/formation_interfaces/share/formation_interfaces/msg/DroneState.msg
-- Installing: /home/abdoulaziz/swarm/formation_ws/install/formation_interfaces/share/ament_index/resource_index/package_run_dependencies/formation_interfaces
-- Installing: /home/abdoulaziz/swarm/formation_ws/install/formation_interfaces/share/ament_index/resource_index/parent_prefix_path/formation_interfaces
-- Installing: /home/abdoulaziz/swarm/formation_ws/install/formation_interfaces/share/formation_interfaces/environment/ament_prefix_path.sh
-- Installing: /home/abdoulaziz/swarm/formation_ws/install/formation_interfaces/share/formation_interfaces/environment/ament_prefix_path.dsv
-- Installing: /home/abdoulaziz/swarm/formation_ws/install/formation_interfaces/share/formation_interfaces/environment/path.sh
-- Installing: /home/abdoulaziz/swarm/formation_ws/install/formation_interfaces/share/formation_interfaces/environment/path.dsv
-- Installing: /home/abdoulaziz/swarm/formation_ws/install/formation_interfaces/share/formation_interfaces/local_setup.bash
-- Installing: /home/abdoulaziz/swarm/formation_ws/install/formation_interfaces/share/formation_interfaces/local_setup.sh
-- Installing: /home/abdoulaziz/swarm/formation_ws/install/formation_interfaces/share/formation_interfaces/local_setup.zsh
-- Installing: /home/abdoulaziz/swarm/formation_ws/install/formation_interfaces/share/formation_interfaces/local_setup.dsv
-- Installing: /home/abdoulaziz/swarm/formation_ws/install/formation_interfaces/share/formation_interfaces/package.dsv
-- Installing: /home/abdoulaziz/swarm/formation_ws/install/formation_interfaces/share/ament_index/resource_index/packages/formation_interfaces
-- Installing: /home/abdoulaziz/swarm/formation_ws/install/formation_interfaces/share/formation_interfaces/cmake/export_formation_interfaces__rosidl_generator_cExport.cmake
-- Installing: /home/abdoulaziz/swarm/formation_ws/install/formation_interfaces/share/formation_interfaces/cmake/export_formation_interfaces__rosidl_generator_cExport-noconfig.cmake
-- Installing: /home/abdoulaziz/swarm/formation_ws/install/formation_interfaces/share/formation_interfaces/cmake/export_formation_interfaces__rosidl_typesupport_fastrtps_cExport.cmake
-- Installing: /home/abdoulaziz/swarm/formation_ws/install/formation_interfaces/share/formation_interfaces/cmake/export_formation_interfaces__rosidl_typesupport_fastrtps_cExport-noconfig.cmake
-- Installing: /home/abdoulaziz/swarm/formation_ws/install/formation_interfaces/share/formation_interfaces/cmake/formation_interfaces__rosidl_typesupport_introspection_cExport.cmake
-- Installing: /home/abdoulaziz/swarm/formation_ws/install/formation_interfaces/share/formation_interfaces/cmake/formation_interfaces__rosidl_typesupport_introspection_cExport-noconfig.cmake
-- Installing: /home/abdoulaziz/swarm/formation_ws/install/formation_interfaces/share/formation_interfaces/cmake/formation_interfaces__rosidl_typesupport_cExport.cmake
-- Installing: /home/abdoulaziz/swarm/formation_ws/install/formation_interfaces/share/formation_interfaces/cmake/formation_interfaces__rosidl_typesupport_cExport-noconfig.cmake
-- Installing: /home/abdoulaziz/swarm/formation_ws/install/formation_interfaces/share/formation_interfaces/cmake/export_formation_interfaces__rosidl_generator_cppExport.cmake
-- Installing: /home/abdoulaziz/swarm/formation_ws/install/formation_interfaces/share/formation_interfaces/cmake/export_formation_interfaces__rosidl_typesupport_fastrtps_cppExport.cmake
-- Installing: /home/abdoulaziz/swarm/formation_ws/install/formation_interfaces/share/formation_interfaces/cmake/export_formation_interfaces__rosidl_typesupport_fastrtps_cppExport-noconfig.cmake
-- Installing: /home/abdoulaziz/swarm/formation_ws/install/formation_interfaces/share/formation_interfaces/cmake/formation_interfaces__rosidl_typesupport_introspection_cppExport.cmake
-- Installing: /home/abdoulaziz/swarm/formation_ws/install/formation_interfaces/share/formation_interfaces/cmake/formation_interfaces__rosidl_typesupport_introspection_cppExport-noconfig.cmake
-- Installing: /home/abdoulaziz/swarm/formation_ws/install/formation_interfaces/share/formation_interfaces/cmake/formation_interfaces__rosidl_typesupport_cppExport.cmake
-- Installing: /home/abdoulaziz/swarm/formation_ws/install/formation_interfaces/share/formation_interfaces/cmake/formation_interfaces__rosidl_typesupport_cppExport-noconfig.cmake
-- Installing: /home/abdoulaziz/swarm/formation_ws/install/formation_interfaces/share/formation_interfaces/cmake/export_formation_interfaces__rosidl_generator_pyExport.cmake
-- Installing: /home/abdoulaziz/swarm/formation_ws/install/formation_interfaces/share/formation_interfaces/cmake/export_formation_interfaces__rosidl_generator_pyExport-noconfig.cmake
-- Installing: /home/abdoulaziz/swarm/formation_ws/install/formation_interfaces/share/formation_interfaces/cmake/rosidl_cmake-extras.cmake
-- Installing: /home/abdoulaziz/swarm/formation_ws/install/formation_interfaces/share/formation_interfaces/cmake/ament_cmake_export_include_directories-extras.cmake
-- Installing: /home/abdoulaziz/swarm/formation_ws/install/formation_interfaces/share/formation_interfaces/cmake/ament_cmake_export_libraries-extras.cmake
-- Installing: /home/abdoulaziz/swarm/formation_ws/install/formation_interfaces/share/formation_interfaces/cmake/ament_cmake_export_targets-extras.cmake
-- Installing: /home/abdoulaziz/swarm/formation_ws/install/formation_interfaces/share/formation_interfaces/cmake/rosidl_cmake_export_typesupport_targets-extras.cmake
-- Installing: /home/abdoulaziz/swarm/formation_ws/install/formation_interfaces/share/formation_interfaces/cmake/ament_cmake_export_dependencies-extras.cmake
-- Installing: /home/abdoulaziz/swarm/formation_ws/install/formation_interfaces/share/formation_interfaces/cmake/rosidl_cmake_export_typesupport_libraries-extras.cmake
-- Installing: /home/abdoulaziz/swarm/formation_ws/install/formation_interfaces/share/formation_interfaces/cmake/formation_interfacesConfig.cmake
-- Installing: /home/abdoulaziz/swarm/formation_ws/install/formation_interfaces/share/formation_interfaces/cmake/formation_interfacesConfig-version.cmake
-- Installing: /home/abdoulaziz/swarm/formation_ws/install/formation_interfaces/share/formation_interfaces/package.xml
