[0.138s] Invoking command in '/home/abdoulaziz/swarm/formation_ws/build/formation_interfaces': CMAKE_PREFIX_PATH=/opt/ros/humble /usr/bin/cmake /home/abdoulaziz/swarm/formation_ws/src/formation_interfaces -DCMAKE_INSTALL_PREFIX=/home/abdoulaziz/swarm/formation_ws/install/formation_interfaces
[0.200s] -- The C compiler identification is GNU 11.4.0
[0.268s] -- The CXX compiler identification is GNU 11.4.0
[0.275s] -- Detecting C compiler ABI info
[0.318s] -- Detecting C compiler ABI info - done
[0.321s] -- Check for working C compiler: /usr/bin/cc - skipped
[0.322s] -- Detecting C compile features
[0.322s] -- Detecting C compile features - done
[0.324s] -- Detecting CXX compiler ABI info
[0.373s] -- Detecting CXX compiler ABI info - done
[0.376s] -- Check for working CXX compiler: /usr/bin/c++ - skipped
[0.376s] -- Detecting CXX compile features
[0.376s] -- Detecting CXX compile features - done
[0.386s] -- Found ament_cmake: 1.3.14 (/opt/ros/humble/share/ament_cmake/cmake)
[0.470s] -- Found Python3: /usr/bin/python3 (found version "3.10.12") found components: Interpreter 
[0.528s] -- Found rosidl_default_generators: 1.2.1 (/opt/ros/humble/share/rosidl_default_generators/cmake)
[0.532s] -- Using all available rosidl_typesupport_c: rosidl_typesupport_fastrtps_c;rosidl_typesupport_introspection_c
[0.538s] -- Found rosidl_adapter: 3.1.8 (/opt/ros/humble/share/rosidl_adapter/cmake)
[0.572s] -- Using all available rosidl_typesupport_cpp: rosidl_typesupport_fastrtps_cpp;rosidl_typesupport_introspection_cpp
[0.730s] -- Found ament_cmake_ros: 0.10.0 (/opt/ros/humble/share/ament_cmake_ros/cmake)
[0.826s] -- Using all available rosidl_typesupport_c: rosidl_typesupport_fastrtps_c;rosidl_typesupport_introspection_c
[0.951s] -- Using all available rosidl_typesupport_cpp: rosidl_typesupport_fastrtps_cpp;rosidl_typesupport_introspection_cpp
[0.963s] -- Found PythonInterp: /usr/bin/python3 (found suitable version "3.10.12", minimum required is "3.6") 
[0.965s] -- Found python_cmake_module: 0.10.0 (/opt/ros/humble/share/python_cmake_module/cmake)
[0.981s] -- Found PythonLibs: /usr/lib/x86_64-linux-gnu/libpython3.10.so (found suitable version "3.10.12", minimum required is "3.5") 
[0.981s] -- Using PYTHON_EXECUTABLE: /usr/bin/python3
[0.981s] -- Using PYTHON_INCLUDE_DIRS: /usr/include/python3.10
[0.981s] -- Using PYTHON_LIBRARIES: /usr/lib/x86_64-linux-gnu/libpython3.10.so
[0.992s] -- Found PythonExtra: .so  
[1.047s] -- Configuring done
[1.065s] -- Generating done
[1.071s] -- Build files have been written to: /home/abdoulaziz/swarm/formation_ws/build/formation_interfaces
[1.077s] Invoked command in '/home/abdoulaziz/swarm/formation_ws/build/formation_interfaces' returned '0': CMAKE_PREFIX_PATH=/opt/ros/humble /usr/bin/cmake /home/abdoulaziz/swarm/formation_ws/src/formation_interfaces -DCMAKE_INSTALL_PREFIX=/home/abdoulaziz/swarm/formation_ws/install/formation_interfaces
[1.078s] Invoking command in '/home/abdoulaziz/swarm/formation_ws/build/formation_interfaces': CMAKE_PREFIX_PATH=/opt/ros/humble /usr/bin/cmake --build /home/abdoulaziz/swarm/formation_ws/build/formation_interfaces -- -j32 -l32
[1.102s] [  2%] [34m[1mGenerating C code for ROS interfaces[0m
[1.107s] [  5%] [34m[1mGenerating Rust code for ROS interfaces[0m
[1.107s] [  7%] [34m[1mGenerating C++ code for ROS interfaces[0m
[1.112s] [  7%] Built target ament_cmake_python_copy_formation_interfaces
[1.240s] running egg_info
[1.240s] creating formation_interfaces.egg-info
[1.240s] writing formation_interfaces.egg-info/PKG-INFO
[1.240s] writing dependency_links to formation_interfaces.egg-info/dependency_links.txt
[1.240s] writing top-level names to formation_interfaces.egg-info/top_level.txt
[1.241s] writing manifest file 'formation_interfaces.egg-info/SOURCES.txt'
[1.241s] reading manifest file 'formation_interfaces.egg-info/SOURCES.txt'
[1.242s] writing manifest file 'formation_interfaces.egg-info/SOURCES.txt'
[1.257s] [  7%] Built target ament_cmake_python_build_formation_interfaces_egg
[1.287s] [  7%] Built target formation_interfaces__rs
[1.307s] [  7%] Built target formation_interfaces__cpp
[1.313s] [ 10%] [34m[1mGenerating C++ type support dispatch for ROS interfaces[0m
[1.313s] [ 12%] [34m[1mGenerating C++ type support for eProsima Fast-RTPS[0m
[1.314s] [ 15%] [34m[1mGenerating C++ introspection for ROS interfaces[0m
[1.315s] [ 17%] [32mBuilding C object CMakeFiles/formation_interfaces__rosidl_generator_c.dir/rosidl_generator_c/formation_interfaces/msg/detail/leader_state__functions.c.o[0m
[1.315s] [ 20%] [32mBuilding C object CMakeFiles/formation_interfaces__rosidl_generator_c.dir/rosidl_generator_c/formation_interfaces/msg/detail/drone_state__functions.c.o[0m
[1.352s] [ 22%] [32m[1mLinking C shared library libformation_interfaces__rosidl_generator_c.so[0m
[1.372s] [ 22%] Built target formation_interfaces__rosidl_generator_c
[1.378s] [ 27%] [34m[1mGenerating C type support for eProsima Fast-RTPS[0m
[1.378s] [ 27%] [34m[1mGenerating C introspection for ROS interfaces[0m
[1.378s] [ 30%] [34m[1mGenerating C type support dispatch for ROS interfaces[0m
[1.495s] [ 32%] [32mBuilding CXX object CMakeFiles/formation_interfaces__rosidl_typesupport_cpp.dir/rosidl_typesupport_cpp/formation_interfaces/msg/leader_state__type_support.cpp.o[0m
[1.496s] [ 35%] [32mBuilding CXX object CMakeFiles/formation_interfaces__rosidl_typesupport_cpp.dir/rosidl_typesupport_cpp/formation_interfaces/msg/drone_state__type_support.cpp.o[0m
[1.504s] [ 37%] [32mBuilding CXX object CMakeFiles/formation_interfaces__rosidl_typesupport_introspection_cpp.dir/rosidl_typesupport_introspection_cpp/formation_interfaces/msg/detail/drone_state__type_support.cpp.o[0m
[1.505s] [ 40%] [32mBuilding CXX object CMakeFiles/formation_interfaces__rosidl_typesupport_introspection_cpp.dir/rosidl_typesupport_introspection_cpp/formation_interfaces/msg/detail/leader_state__type_support.cpp.o[0m
[1.511s] [ 45%] [32mBuilding CXX object CMakeFiles/formation_interfaces__rosidl_typesupport_fastrtps_cpp.dir/rosidl_typesupport_fastrtps_cpp/formation_interfaces/msg/detail/dds_fastrtps/leader_state__type_support.cpp.o[0m
[1.511s] [ 45%] [32mBuilding CXX object CMakeFiles/formation_interfaces__rosidl_typesupport_fastrtps_cpp.dir/rosidl_typesupport_fastrtps_cpp/formation_interfaces/msg/detail/dds_fastrtps/drone_state__type_support.cpp.o[0m
[1.561s] [ 47%] [32mBuilding CXX object CMakeFiles/formation_interfaces__rosidl_typesupport_c.dir/rosidl_typesupport_c/formation_interfaces/msg/leader_state__type_support.cpp.o[0m
[1.564s] [ 50%] [32mBuilding CXX object CMakeFiles/formation_interfaces__rosidl_typesupport_c.dir/rosidl_typesupport_c/formation_interfaces/msg/drone_state__type_support.cpp.o[0m
[1.571s] [ 55%] [32mBuilding C object CMakeFiles/formation_interfaces__rosidl_typesupport_introspection_c.dir/rosidl_typesupport_introspection_c/formation_interfaces/msg/detail/leader_state__type_support.c.o[0m
[1.571s] [ 55%] [32mBuilding C object CMakeFiles/formation_interfaces__rosidl_typesupport_introspection_c.dir/rosidl_typesupport_introspection_c/formation_interfaces/msg/detail/drone_state__type_support.c.o[0m
[1.581s] [ 57%] [32mBuilding CXX object CMakeFiles/formation_interfaces__rosidl_typesupport_fastrtps_c.dir/rosidl_typesupport_fastrtps_c/formation_interfaces/msg/detail/drone_state__type_support_c.cpp.o[0m
[1.581s] [ 60%] [32mBuilding CXX object CMakeFiles/formation_interfaces__rosidl_typesupport_fastrtps_c.dir/rosidl_typesupport_fastrtps_c/formation_interfaces/msg/detail/leader_state__type_support_c.cpp.o[0m
[1.581s] [ 62%] [32m[1mLinking CXX shared library libformation_interfaces__rosidl_typesupport_c.so[0m
[1.591s] [ 65%] [32m[1mLinking C shared library libformation_interfaces__rosidl_typesupport_introspection_c.so[0m
[1.605s] [ 65%] Built target formation_interfaces__rosidl_typesupport_c
[1.609s] [ 65%] Built target formation_interfaces__rosidl_typesupport_introspection_c
[1.658s] [ 67%] [32m[1mLinking CXX shared library libformation_interfaces__rosidl_typesupport_cpp.so[0m
[1.683s] [ 67%] Built target formation_interfaces__rosidl_typesupport_cpp
[1.706s] [ 70%] [32m[1mLinking CXX shared library libformation_interfaces__rosidl_typesupport_introspection_cpp.so[0m
[1.713s] [ 72%] [32m[1mLinking CXX shared library libformation_interfaces__rosidl_typesupport_fastrtps_cpp.so[0m
[1.745s] [ 75%] [32m[1mLinking CXX shared library libformation_interfaces__rosidl_typesupport_fastrtps_c.so[0m
[1.748s] [ 75%] Built target formation_interfaces__rosidl_typesupport_introspection_cpp
[1.753s] [ 75%] Built target formation_interfaces__rosidl_typesupport_fastrtps_cpp
[1.785s] [ 75%] Built target formation_interfaces__rosidl_typesupport_fastrtps_c
[1.796s] [ 75%] Built target formation_interfaces
[1.807s] [ 77%] [34m[1mGenerating Python code for ROS interfaces[0m
[2.105s] [ 77%] Built target formation_interfaces__py
[2.116s] [ 82%] [32mBuilding C object CMakeFiles/formation_interfaces__rosidl_generator_py.dir/rosidl_generator_py/formation_interfaces/msg/_drone_state_s.c.o[0m
[2.116s] [ 82%] [32mBuilding C object CMakeFiles/formation_interfaces__rosidl_generator_py.dir/rosidl_generator_py/formation_interfaces/msg/_leader_state_s.c.o[0m
[2.192s] [ 85%] [32m[1mLinking C shared library rosidl_generator_py/formation_interfaces/libformation_interfaces__rosidl_generator_py.so[0m
[2.215s] [ 85%] Built target formation_interfaces__rosidl_generator_py
[2.226s] [ 87%] [32mBuilding C object CMakeFiles/formation_interfaces__rosidl_typesupport_fastrtps_c__pyext.dir/rosidl_generator_py/formation_interfaces/_formation_interfaces_s.ep.rosidl_typesupport_fastrtps_c.c.o[0m
[2.226s] [ 90%] [32mBuilding C object CMakeFiles/formation_interfaces__rosidl_typesupport_c__pyext.dir/rosidl_generator_py/formation_interfaces/_formation_interfaces_s.ep.rosidl_typesupport_c.c.o[0m
[2.227s] [ 92%] [32mBuilding C object CMakeFiles/formation_interfaces__rosidl_typesupport_introspection_c__pyext.dir/rosidl_generator_py/formation_interfaces/_formation_interfaces_s.ep.rosidl_typesupport_introspection_c.c.o[0m
[2.275s] [ 95%] [32m[1mLinking C shared library rosidl_generator_py/formation_interfaces/formation_interfaces_s__rosidl_typesupport_c.cpython-310-x86_64-linux-gnu.so[0m
[2.275s] [ 97%] [32m[1mLinking C shared library rosidl_generator_py/formation_interfaces/formation_interfaces_s__rosidl_typesupport_introspection_c.cpython-310-x86_64-linux-gnu.so[0m
[2.278s] [100%] [32m[1mLinking C shared library rosidl_generator_py/formation_interfaces/formation_interfaces_s__rosidl_typesupport_fastrtps_c.cpython-310-x86_64-linux-gnu.so[0m
[2.294s] [100%] Built target formation_interfaces__rosidl_typesupport_introspection_c__pyext
[2.294s] [100%] Built target formation_interfaces__rosidl_typesupport_c__pyext
[2.298s] [100%] Built target formation_interfaces__rosidl_typesupport_fastrtps_c__pyext
[2.305s] Invoked command in '/home/abdoulaziz/swarm/formation_ws/build/formation_interfaces' returned '0': CMAKE_PREFIX_PATH=/opt/ros/humble /usr/bin/cmake --build /home/abdoulaziz/swarm/formation_ws/build/formation_interfaces -- -j32 -l32
[2.311s] Invoking command in '/home/abdoulaziz/swarm/formation_ws/build/formation_interfaces': CMAKE_PREFIX_PATH=/opt/ros/humble /usr/bin/cmake --install /home/abdoulaziz/swarm/formation_ws/build/formation_interfaces
[2.315s] -- Install configuration: ""
[2.315s] -- Installing: /home/abdoulaziz/swarm/formation_ws/install/formation_interfaces/share/ament_index/resource_index/rosidl_interfaces/formation_interfaces
[2.315s] -- Installing: /home/abdoulaziz/swarm/formation_ws/install/formation_interfaces/include/formation_interfaces/formation_interfaces
[2.315s] -- Installing: /home/abdoulaziz/swarm/formation_ws/install/formation_interfaces/include/formation_interfaces/formation_interfaces/msg
[2.315s] -- Installing: /home/abdoulaziz/swarm/formation_ws/install/formation_interfaces/include/formation_interfaces/formation_interfaces/msg/drone_state.h
[2.315s] -- Installing: /home/abdoulaziz/swarm/formation_ws/install/formation_interfaces/include/formation_interfaces/formation_interfaces/msg/rosidl_generator_c__visibility_control.h
[2.315s] -- Installing: /home/abdoulaziz/swarm/formation_ws/install/formation_interfaces/include/formation_interfaces/formation_interfaces/msg/leader_state.h
[2.315s] -- Installing: /home/abdoulaziz/swarm/formation_ws/install/formation_interfaces/include/formation_interfaces/formation_interfaces/msg/detail
[2.315s] -- Installing: /home/abdoulaziz/swarm/formation_ws/install/formation_interfaces/include/formation_interfaces/formation_interfaces/msg/detail/drone_state__type_support.h
[2.315s] -- Installing: /home/abdoulaziz/swarm/formation_ws/install/formation_interfaces/include/formation_interfaces/formation_interfaces/msg/detail/leader_state__functions.h
[2.315s] -- Installing: /home/abdoulaziz/swarm/formation_ws/install/formation_interfaces/include/formation_interfaces/formation_interfaces/msg/detail/leader_state__struct.h
[2.315s] -- Installing: /home/abdoulaziz/swarm/formation_ws/install/formation_interfaces/include/formation_interfaces/formation_interfaces/msg/detail/leader_state__functions.c
[2.315s] -- Installing: /home/abdoulaziz/swarm/formation_ws/install/formation_interfaces/include/formation_interfaces/formation_interfaces/msg/detail/drone_state__struct.h
[2.316s] -- Installing: /home/abdoulaziz/swarm/formation_ws/install/formation_interfaces/include/formation_interfaces/formation_interfaces/msg/detail/drone_state__functions.c
[2.316s] -- Installing: /home/abdoulaziz/swarm/formation_ws/install/formation_interfaces/include/formation_interfaces/formation_interfaces/msg/detail/leader_state__type_support.h
[2.316s] -- Installing: /home/abdoulaziz/swarm/formation_ws/install/formation_interfaces/include/formation_interfaces/formation_interfaces/msg/detail/drone_state__functions.h
[2.316s] -- Installing: /home/abdoulaziz/swarm/formation_ws/install/formation_interfaces/share/formation_interfaces/environment/library_path.sh
[2.316s] -- Installing: /home/abdoulaziz/swarm/formation_ws/install/formation_interfaces/share/formation_interfaces/environment/library_path.dsv
[2.316s] -- Installing: /home/abdoulaziz/swarm/formation_ws/install/formation_interfaces/lib/libformation_interfaces__rosidl_generator_c.so
[2.316s] -- Set runtime path of "/home/abdoulaziz/swarm/formation_ws/install/formation_interfaces/lib/libformation_interfaces__rosidl_generator_c.so" to ""
[2.316s] -- Up-to-date: /home/abdoulaziz/swarm/formation_ws/install/formation_interfaces/include/formation_interfaces/formation_interfaces
[2.316s] -- Up-to-date: /home/abdoulaziz/swarm/formation_ws/install/formation_interfaces/include/formation_interfaces/formation_interfaces/msg
[2.316s] -- Installing: /home/abdoulaziz/swarm/formation_ws/install/formation_interfaces/include/formation_interfaces/formation_interfaces/msg/rosidl_typesupport_fastrtps_c__visibility_control.h
[2.316s] -- Up-to-date: /home/abdoulaziz/swarm/formation_ws/install/formation_interfaces/include/formation_interfaces/formation_interfaces/msg/detail
[2.316s] -- Installing: /home/abdoulaziz/swarm/formation_ws/install/formation_interfaces/include/formation_interfaces/formation_interfaces/msg/detail/drone_state__rosidl_typesupport_fastrtps_c.h
[2.317s] -- Installing: /home/abdoulaziz/swarm/formation_ws/install/formation_interfaces/include/formation_interfaces/formation_interfaces/msg/detail/leader_state__rosidl_typesupport_fastrtps_c.h
[2.317s] -- Installing: /home/abdoulaziz/swarm/formation_ws/install/formation_interfaces/lib/libformation_interfaces__rosidl_typesupport_fastrtps_c.so
[2.317s] -- Set runtime path of "/home/abdoulaziz/swarm/formation_ws/install/formation_interfaces/lib/libformation_interfaces__rosidl_typesupport_fastrtps_c.so" to ""
[2.317s] -- Up-to-date: /home/abdoulaziz/swarm/formation_ws/install/formation_interfaces/include/formation_interfaces/formation_interfaces
[2.317s] -- Up-to-date: /home/abdoulaziz/swarm/formation_ws/install/formation_interfaces/include/formation_interfaces/formation_interfaces/msg
[2.317s] -- Installing: /home/abdoulaziz/swarm/formation_ws/install/formation_interfaces/include/formation_interfaces/formation_interfaces/msg/rosidl_typesupport_introspection_c__visibility_control.h
[2.317s] -- Up-to-date: /home/abdoulaziz/swarm/formation_ws/install/formation_interfaces/include/formation_interfaces/formation_interfaces/msg/detail
[2.317s] -- Installing: /home/abdoulaziz/swarm/formation_ws/install/formation_interfaces/include/formation_interfaces/formation_interfaces/msg/detail/drone_state__rosidl_typesupport_introspection_c.h
[2.317s] -- Installing: /home/abdoulaziz/swarm/formation_ws/install/formation_interfaces/include/formation_interfaces/formation_interfaces/msg/detail/leader_state__type_support.c
[2.318s] -- Installing: /home/abdoulaziz/swarm/formation_ws/install/formation_interfaces/include/formation_interfaces/formation_interfaces/msg/detail/drone_state__type_support.c
[2.318s] -- Installing: /home/abdoulaziz/swarm/formation_ws/install/formation_interfaces/include/formation_interfaces/formation_interfaces/msg/detail/leader_state__rosidl_typesupport_introspection_c.h
[2.318s] -- Installing: /home/abdoulaziz/swarm/formation_ws/install/formation_interfaces/lib/libformation_interfaces__rosidl_typesupport_introspection_c.so
[2.318s] -- Set runtime path of "/home/abdoulaziz/swarm/formation_ws/install/formation_interfaces/lib/libformation_interfaces__rosidl_typesupport_introspection_c.so" to ""
[2.318s] -- Installing: /home/abdoulaziz/swarm/formation_ws/install/formation_interfaces/lib/libformation_interfaces__rosidl_typesupport_c.so
[2.318s] -- Set runtime path of "/home/abdoulaziz/swarm/formation_ws/install/formation_interfaces/lib/libformation_interfaces__rosidl_typesupport_c.so" to ""
[2.318s] -- Up-to-date: /home/abdoulaziz/swarm/formation_ws/install/formation_interfaces/include/formation_interfaces/formation_interfaces
[2.318s] -- Up-to-date: /home/abdoulaziz/swarm/formation_ws/install/formation_interfaces/include/formation_interfaces/formation_interfaces/msg
[2.318s] -- Installing: /home/abdoulaziz/swarm/formation_ws/install/formation_interfaces/include/formation_interfaces/formation_interfaces/msg/drone_state.hpp
[2.318s] -- Installing: /home/abdoulaziz/swarm/formation_ws/install/formation_interfaces/include/formation_interfaces/formation_interfaces/msg/leader_state.hpp
[2.318s] -- Installing: /home/abdoulaziz/swarm/formation_ws/install/formation_interfaces/include/formation_interfaces/formation_interfaces/msg/rosidl_generator_cpp__visibility_control.hpp
[2.318s] -- Up-to-date: /home/abdoulaziz/swarm/formation_ws/install/formation_interfaces/include/formation_interfaces/formation_interfaces/msg/detail
[2.318s] -- Installing: /home/abdoulaziz/swarm/formation_ws/install/formation_interfaces/include/formation_interfaces/formation_interfaces/msg/detail/leader_state__struct.hpp
[2.318s] -- Installing: /home/abdoulaziz/swarm/formation_ws/install/formation_interfaces/include/formation_interfaces/formation_interfaces/msg/detail/drone_state__struct.hpp
[2.319s] -- Installing: /home/abdoulaziz/swarm/formation_ws/install/formation_interfaces/include/formation_interfaces/formation_interfaces/msg/detail/drone_state__traits.hpp
[2.319s] -- Installing: /home/abdoulaziz/swarm/formation_ws/install/formation_interfaces/include/formation_interfaces/formation_interfaces/msg/detail/leader_state__type_support.hpp
[2.319s] -- Installing: /home/abdoulaziz/swarm/formation_ws/install/formation_interfaces/include/formation_interfaces/formation_interfaces/msg/detail/leader_state__builder.hpp
[2.319s] -- Installing: /home/abdoulaziz/swarm/formation_ws/install/formation_interfaces/include/formation_interfaces/formation_interfaces/msg/detail/leader_state__traits.hpp
[2.319s] -- Installing: /home/abdoulaziz/swarm/formation_ws/install/formation_interfaces/include/formation_interfaces/formation_interfaces/msg/detail/drone_state__type_support.hpp
[2.319s] -- Installing: /home/abdoulaziz/swarm/formation_ws/install/formation_interfaces/include/formation_interfaces/formation_interfaces/msg/detail/drone_state__builder.hpp
[2.319s] -- Up-to-date: /home/abdoulaziz/swarm/formation_ws/install/formation_interfaces/include/formation_interfaces/formation_interfaces
[2.319s] -- Up-to-date: /home/abdoulaziz/swarm/formation_ws/install/formation_interfaces/include/formation_interfaces/formation_interfaces/msg
[2.319s] -- Installing: /home/abdoulaziz/swarm/formation_ws/install/formation_interfaces/include/formation_interfaces/formation_interfaces/msg/rosidl_typesupport_fastrtps_cpp__visibility_control.h
[2.319s] -- Up-to-date: /home/abdoulaziz/swarm/formation_ws/install/formation_interfaces/include/formation_interfaces/formation_interfaces/msg/detail
[2.319s] -- Installing: /home/abdoulaziz/swarm/formation_ws/install/formation_interfaces/include/formation_interfaces/formation_interfaces/msg/detail/leader_state__rosidl_typesupport_fastrtps_cpp.hpp
[2.319s] -- Installing: /home/abdoulaziz/swarm/formation_ws/install/formation_interfaces/include/formation_interfaces/formation_interfaces/msg/detail/dds_fastrtps
[2.319s] -- Installing: /home/abdoulaziz/swarm/formation_ws/install/formation_interfaces/include/formation_interfaces/formation_interfaces/msg/detail/drone_state__rosidl_typesupport_fastrtps_cpp.hpp
[2.319s] -- Installing: /home/abdoulaziz/swarm/formation_ws/install/formation_interfaces/lib/libformation_interfaces__rosidl_typesupport_fastrtps_cpp.so
[2.320s] -- Set runtime path of "/home/abdoulaziz/swarm/formation_ws/install/formation_interfaces/lib/libformation_interfaces__rosidl_typesupport_fastrtps_cpp.so" to ""
[2.320s] -- Up-to-date: /home/abdoulaziz/swarm/formation_ws/install/formation_interfaces/include/formation_interfaces/formation_interfaces
[2.320s] -- Up-to-date: /home/abdoulaziz/swarm/formation_ws/install/formation_interfaces/include/formation_interfaces/formation_interfaces/msg
[2.320s] -- Up-to-date: /home/abdoulaziz/swarm/formation_ws/install/formation_interfaces/include/formation_interfaces/formation_interfaces/msg/detail
[2.320s] -- Installing: /home/abdoulaziz/swarm/formation_ws/install/formation_interfaces/include/formation_interfaces/formation_interfaces/msg/detail/leader_state__type_support.cpp
[2.320s] -- Installing: /home/abdoulaziz/swarm/formation_ws/install/formation_interfaces/include/formation_interfaces/formation_interfaces/msg/detail/leader_state__rosidl_typesupport_introspection_cpp.hpp
[2.320s] -- Installing: /home/abdoulaziz/swarm/formation_ws/install/formation_interfaces/include/formation_interfaces/formation_interfaces/msg/detail/drone_state__rosidl_typesupport_introspection_cpp.hpp
[2.320s] -- Installing: /home/abdoulaziz/swarm/formation_ws/install/formation_interfaces/include/formation_interfaces/formation_interfaces/msg/detail/drone_state__type_support.cpp
[2.320s] -- Installing: /home/abdoulaziz/swarm/formation_ws/install/formation_interfaces/lib/libformation_interfaces__rosidl_typesupport_introspection_cpp.so
[2.320s] -- Set runtime path of "/home/abdoulaziz/swarm/formation_ws/install/formation_interfaces/lib/libformation_interfaces__rosidl_typesupport_introspection_cpp.so" to ""
[2.320s] -- Installing: /home/abdoulaziz/swarm/formation_ws/install/formation_interfaces/lib/libformation_interfaces__rosidl_typesupport_cpp.so
[2.320s] -- Set runtime path of "/home/abdoulaziz/swarm/formation_ws/install/formation_interfaces/lib/libformation_interfaces__rosidl_typesupport_cpp.so" to ""
[2.320s] -- Installing: /home/abdoulaziz/swarm/formation_ws/install/formation_interfaces/share/formation_interfaces/environment/pythonpath.sh
[2.320s] -- Installing: /home/abdoulaziz/swarm/formation_ws/install/formation_interfaces/share/formation_interfaces/environment/pythonpath.dsv
[2.321s] -- Installing: /home/abdoulaziz/swarm/formation_ws/install/formation_interfaces/local/lib/python3.10/dist-packages/formation_interfaces-0.1.0-py3.10.egg-info
[2.321s] -- Installing: /home/abdoulaziz/swarm/formation_ws/install/formation_interfaces/local/lib/python3.10/dist-packages/formation_interfaces-0.1.0-py3.10.egg-info/PKG-INFO
[2.321s] -- Installing: /home/abdoulaziz/swarm/formation_ws/install/formation_interfaces/local/lib/python3.10/dist-packages/formation_interfaces-0.1.0-py3.10.egg-info/dependency_links.txt
[2.321s] -- Installing: /home/abdoulaziz/swarm/formation_ws/install/formation_interfaces/local/lib/python3.10/dist-packages/formation_interfaces-0.1.0-py3.10.egg-info/top_level.txt
[2.321s] -- Installing: /home/abdoulaziz/swarm/formation_ws/install/formation_interfaces/local/lib/python3.10/dist-packages/formation_interfaces-0.1.0-py3.10.egg-info/SOURCES.txt
[2.321s] -- Installing: /home/abdoulaziz/swarm/formation_ws/install/formation_interfaces/local/lib/python3.10/dist-packages/formation_interfaces
[2.321s] -- Installing: /home/abdoulaziz/swarm/formation_ws/install/formation_interfaces/local/lib/python3.10/dist-packages/formation_interfaces/_formation_interfaces_s.ep.rosidl_typesupport_introspection_c.c
[2.321s] -- Installing: /home/abdoulaziz/swarm/formation_ws/install/formation_interfaces/local/lib/python3.10/dist-packages/formation_interfaces/_formation_interfaces_s.ep.rosidl_typesupport_c.c
[2.321s] -- Installing: /home/abdoulaziz/swarm/formation_ws/install/formation_interfaces/local/lib/python3.10/dist-packages/formation_interfaces/_formation_interfaces_s.ep.rosidl_typesupport_fastrtps_c.c
[2.321s] -- Installing: /home/abdoulaziz/swarm/formation_ws/install/formation_interfaces/local/lib/python3.10/dist-packages/formation_interfaces/msg
[2.321s] -- Installing: /home/abdoulaziz/swarm/formation_ws/install/formation_interfaces/local/lib/python3.10/dist-packages/formation_interfaces/msg/_leader_state_s.c
[2.321s] -- Installing: /home/abdoulaziz/swarm/formation_ws/install/formation_interfaces/local/lib/python3.10/dist-packages/formation_interfaces/msg/_drone_state_s.c
[2.321s] -- Installing: /home/abdoulaziz/swarm/formation_ws/install/formation_interfaces/local/lib/python3.10/dist-packages/formation_interfaces/msg/_drone_state.py
[2.321s] -- Installing: /home/abdoulaziz/swarm/formation_ws/install/formation_interfaces/local/lib/python3.10/dist-packages/formation_interfaces/msg/_leader_state.py
[2.322s] -- Installing: /home/abdoulaziz/swarm/formation_ws/install/formation_interfaces/local/lib/python3.10/dist-packages/formation_interfaces/msg/__init__.py
[2.322s] -- Installing: /home/abdoulaziz/swarm/formation_ws/install/formation_interfaces/local/lib/python3.10/dist-packages/formation_interfaces/libformation_interfaces__rosidl_generator_py.so
[2.322s] -- Installing: /home/abdoulaziz/swarm/formation_ws/install/formation_interfaces/local/lib/python3.10/dist-packages/formation_interfaces/formation_interfaces_s__rosidl_typesupport_introspection_c.cpython-310-x86_64-linux-gnu.so
[2.322s] -- Installing: /home/abdoulaziz/swarm/formation_ws/install/formation_interfaces/local/lib/python3.10/dist-packages/formation_interfaces/formation_interfaces_s__rosidl_typesupport_c.cpython-310-x86_64-linux-gnu.so
[2.322s] -- Installing: /home/abdoulaziz/swarm/formation_ws/install/formation_interfaces/local/lib/python3.10/dist-packages/formation_interfaces/__init__.py
[2.322s] -- Installing: /home/abdoulaziz/swarm/formation_ws/install/formation_interfaces/local/lib/python3.10/dist-packages/formation_interfaces/formation_interfaces_s__rosidl_typesupport_fastrtps_c.cpython-310-x86_64-linux-gnu.so
[2.341s] Listing '/home/abdoulaziz/swarm/formation_ws/install/formation_interfaces/local/lib/python3.10/dist-packages/formation_interfaces'...
[2.341s] Compiling '/home/abdoulaziz/swarm/formation_ws/install/formation_interfaces/local/lib/python3.10/dist-packages/formation_interfaces/__init__.py'...
[2.341s] Listing '/home/abdoulaziz/swarm/formation_ws/install/formation_interfaces/local/lib/python3.10/dist-packages/formation_interfaces/msg'...
[2.341s] Compiling '/home/abdoulaziz/swarm/formation_ws/install/formation_interfaces/local/lib/python3.10/dist-packages/formation_interfaces/msg/__init__.py'...
[2.341s] Compiling '/home/abdoulaziz/swarm/formation_ws/install/formation_interfaces/local/lib/python3.10/dist-packages/formation_interfaces/msg/_drone_state.py'...
[2.341s] Compiling '/home/abdoulaziz/swarm/formation_ws/install/formation_interfaces/local/lib/python3.10/dist-packages/formation_interfaces/msg/_leader_state.py'...
[2.344s] -- Installing: /home/abdoulaziz/swarm/formation_ws/install/formation_interfaces/local/lib/python3.10/dist-packages/formation_interfaces/formation_interfaces_s__rosidl_typesupport_fastrtps_c.cpython-310-x86_64-linux-gnu.so
[2.344s] -- Set runtime path of "/home/abdoulaziz/swarm/formation_ws/install/formation_interfaces/local/lib/python3.10/dist-packages/formation_interfaces/formation_interfaces_s__rosidl_typesupport_fastrtps_c.cpython-310-x86_64-linux-gnu.so" to ""
[2.344s] -- Installing: /home/abdoulaziz/swarm/formation_ws/install/formation_interfaces/local/lib/python3.10/dist-packages/formation_interfaces/formation_interfaces_s__rosidl_typesupport_introspection_c.cpython-310-x86_64-linux-gnu.so
[2.344s] -- Set runtime path of "/home/abdoulaziz/swarm/formation_ws/install/formation_interfaces/local/lib/python3.10/dist-packages/formation_interfaces/formation_interfaces_s__rosidl_typesupport_introspection_c.cpython-310-x86_64-linux-gnu.so" to ""
[2.345s] -- Installing: /home/abdoulaziz/swarm/formation_ws/install/formation_interfaces/local/lib/python3.10/dist-packages/formation_interfaces/formation_interfaces_s__rosidl_typesupport_c.cpython-310-x86_64-linux-gnu.so
[2.345s] -- Set runtime path of "/home/abdoulaziz/swarm/formation_ws/install/formation_interfaces/local/lib/python3.10/dist-packages/formation_interfaces/formation_interfaces_s__rosidl_typesupport_c.cpython-310-x86_64-linux-gnu.so" to ""
[2.345s] -- Installing: /home/abdoulaziz/swarm/formation_ws/install/formation_interfaces/lib/libformation_interfaces__rosidl_generator_py.so
[2.345s] -- Set runtime path of "/home/abdoulaziz/swarm/formation_ws/install/formation_interfaces/lib/libformation_interfaces__rosidl_generator_py.so" to ""
[2.345s] -- Installing: /home/abdoulaziz/swarm/formation_ws/install/formation_interfaces/share/ament_index/resource_index/rust_packages/formation_interfaces
[2.345s] -- Installing: /home/abdoulaziz/swarm/formation_ws/install/formation_interfaces/share/formation_interfaces/rust
[2.345s] -- Installing: /home/abdoulaziz/swarm/formation_ws/install/formation_interfaces/share/formation_interfaces/rust/src
[2.345s] -- Installing: /home/abdoulaziz/swarm/formation_ws/install/formation_interfaces/share/formation_interfaces/rust/src/lib.rs
[2.345s] -- Installing: /home/abdoulaziz/swarm/formation_ws/install/formation_interfaces/share/formation_interfaces/rust/src/msg
[2.345s] -- Installing: /home/abdoulaziz/swarm/formation_ws/install/formation_interfaces/share/formation_interfaces/rust/src/msg/rmw.rs
[2.345s] -- Installing: /home/abdoulaziz/swarm/formation_ws/install/formation_interfaces/share/formation_interfaces/rust/src/msg.rs
[2.346s] -- Installing: /home/abdoulaziz/swarm/formation_ws/install/formation_interfaces/share/formation_interfaces/rust/Cargo.toml
[2.346s] -- Installing: /home/abdoulaziz/swarm/formation_ws/install/formation_interfaces/share/formation_interfaces/rust/build.rs
[2.346s] -- Installing: /home/abdoulaziz/swarm/formation_ws/install/formation_interfaces/share/formation_interfaces/msg/LeaderState.idl
[2.346s] -- Installing: /home/abdoulaziz/swarm/formation_ws/install/formation_interfaces/share/formation_interfaces/msg/DroneState.idl
[2.346s] -- Installing: /home/abdoulaziz/swarm/formation_ws/install/formation_interfaces/share/formation_interfaces/msg/LeaderState.msg
[2.346s] -- Installing: /home/abdoulaziz/swarm/formation_ws/install/formation_interfaces/share/formation_interfaces/msg/DroneState.msg
[2.346s] -- Installing: /home/abdoulaziz/swarm/formation_ws/install/formation_interfaces/share/ament_index/resource_index/package_run_dependencies/formation_interfaces
[2.346s] -- Installing: /home/abdoulaziz/swarm/formation_ws/install/formation_interfaces/share/ament_index/resource_index/parent_prefix_path/formation_interfaces
[2.346s] -- Installing: /home/abdoulaziz/swarm/formation_ws/install/formation_interfaces/share/formation_interfaces/environment/ament_prefix_path.sh
[2.346s] -- Installing: /home/abdoulaziz/swarm/formation_ws/install/formation_interfaces/share/formation_interfaces/environment/ament_prefix_path.dsv
[2.346s] -- Installing: /home/abdoulaziz/swarm/formation_ws/install/formation_interfaces/share/formation_interfaces/environment/path.sh
[2.346s] -- Installing: /home/abdoulaziz/swarm/formation_ws/install/formation_interfaces/share/formation_interfaces/environment/path.dsv
[2.347s] -- Installing: /home/abdoulaziz/swarm/formation_ws/install/formation_interfaces/share/formation_interfaces/local_setup.bash
[2.347s] -- Installing: /home/abdoulaziz/swarm/formation_ws/install/formation_interfaces/share/formation_interfaces/local_setup.sh
[2.347s] -- Installing: /home/abdoulaziz/swarm/formation_ws/install/formation_interfaces/share/formation_interfaces/local_setup.zsh
[2.347s] -- Installing: /home/abdoulaziz/swarm/formation_ws/install/formation_interfaces/share/formation_interfaces/local_setup.dsv
[2.347s] -- Installing: /home/abdoulaziz/swarm/formation_ws/install/formation_interfaces/share/formation_interfaces/package.dsv
[2.347s] -- Installing: /home/abdoulaziz/swarm/formation_ws/install/formation_interfaces/share/ament_index/resource_index/packages/formation_interfaces
[2.347s] -- Installing: /home/abdoulaziz/swarm/formation_ws/install/formation_interfaces/share/formation_interfaces/cmake/export_formation_interfaces__rosidl_generator_cExport.cmake
[2.347s] -- Installing: /home/abdoulaziz/swarm/formation_ws/install/formation_interfaces/share/formation_interfaces/cmake/export_formation_interfaces__rosidl_generator_cExport-noconfig.cmake
[2.347s] -- Installing: /home/abdoulaziz/swarm/formation_ws/install/formation_interfaces/share/formation_interfaces/cmake/export_formation_interfaces__rosidl_typesupport_fastrtps_cExport.cmake
[2.347s] -- Installing: /home/abdoulaziz/swarm/formation_ws/install/formation_interfaces/share/formation_interfaces/cmake/export_formation_interfaces__rosidl_typesupport_fastrtps_cExport-noconfig.cmake
[2.348s] -- Installing: /home/abdoulaziz/swarm/formation_ws/install/formation_interfaces/share/formation_interfaces/cmake/formation_interfaces__rosidl_typesupport_introspection_cExport.cmake
[2.348s] -- Installing: /home/abdoulaziz/swarm/formation_ws/install/formation_interfaces/share/formation_interfaces/cmake/formation_interfaces__rosidl_typesupport_introspection_cExport-noconfig.cmake
[2.348s] -- Installing: /home/abdoulaziz/swarm/formation_ws/install/formation_interfaces/share/formation_interfaces/cmake/formation_interfaces__rosidl_typesupport_cExport.cmake
[2.348s] -- Installing: /home/abdoulaziz/swarm/formation_ws/install/formation_interfaces/share/formation_interfaces/cmake/formation_interfaces__rosidl_typesupport_cExport-noconfig.cmake
[2.348s] -- Installing: /home/abdoulaziz/swarm/formation_ws/install/formation_interfaces/share/formation_interfaces/cmake/export_formation_interfaces__rosidl_generator_cppExport.cmake
[2.348s] -- Installing: /home/abdoulaziz/swarm/formation_ws/install/formation_interfaces/share/formation_interfaces/cmake/export_formation_interfaces__rosidl_typesupport_fastrtps_cppExport.cmake
[2.348s] -- Installing: /home/abdoulaziz/swarm/formation_ws/install/formation_interfaces/share/formation_interfaces/cmake/export_formation_interfaces__rosidl_typesupport_fastrtps_cppExport-noconfig.cmake
[2.348s] -- Installing: /home/abdoulaziz/swarm/formation_ws/install/formation_interfaces/share/formation_interfaces/cmake/formation_interfaces__rosidl_typesupport_introspection_cppExport.cmake
[2.348s] -- Installing: /home/abdoulaziz/swarm/formation_ws/install/formation_interfaces/share/formation_interfaces/cmake/formation_interfaces__rosidl_typesupport_introspection_cppExport-noconfig.cmake
[2.348s] -- Installing: /home/abdoulaziz/swarm/formation_ws/install/formation_interfaces/share/formation_interfaces/cmake/formation_interfaces__rosidl_typesupport_cppExport.cmake
[2.348s] -- Installing: /home/abdoulaziz/swarm/formation_ws/install/formation_interfaces/share/formation_interfaces/cmake/formation_interfaces__rosidl_typesupport_cppExport-noconfig.cmake
[2.348s] -- Installing: /home/abdoulaziz/swarm/formation_ws/install/formation_interfaces/share/formation_interfaces/cmake/export_formation_interfaces__rosidl_generator_pyExport.cmake
[2.349s] -- Installing: /home/abdoulaziz/swarm/formation_ws/install/formation_interfaces/share/formation_interfaces/cmake/export_formation_interfaces__rosidl_generator_pyExport-noconfig.cmake
[2.349s] -- Installing: /home/abdoulaziz/swarm/formation_ws/install/formation_interfaces/share/formation_interfaces/cmake/rosidl_cmake-extras.cmake
[2.349s] -- Installing: /home/abdoulaziz/swarm/formation_ws/install/formation_interfaces/share/formation_interfaces/cmake/ament_cmake_export_include_directories-extras.cmake
[2.349s] -- Installing: /home/abdoulaziz/swarm/formation_ws/install/formation_interfaces/share/formation_interfaces/cmake/ament_cmake_export_libraries-extras.cmake
[2.349s] -- Installing: /home/abdoulaziz/swarm/formation_ws/install/formation_interfaces/share/formation_interfaces/cmake/ament_cmake_export_targets-extras.cmake
[2.349s] -- Installing: /home/abdoulaziz/swarm/formation_ws/install/formation_interfaces/share/formation_interfaces/cmake/rosidl_cmake_export_typesupport_targets-extras.cmake
[2.349s] -- Installing: /home/abdoulaziz/swarm/formation_ws/install/formation_interfaces/share/formation_interfaces/cmake/ament_cmake_export_dependencies-extras.cmake
[2.349s] -- Installing: /home/abdoulaziz/swarm/formation_ws/install/formation_interfaces/share/formation_interfaces/cmake/rosidl_cmake_export_typesupport_libraries-extras.cmake
[2.349s] -- Installing: /home/abdoulaziz/swarm/formation_ws/install/formation_interfaces/share/formation_interfaces/cmake/formation_interfacesConfig.cmake
[2.349s] -- Installing: /home/abdoulaziz/swarm/formation_ws/install/formation_interfaces/share/formation_interfaces/cmake/formation_interfacesConfig-version.cmake
[2.349s] -- Installing: /home/abdoulaziz/swarm/formation_ws/install/formation_interfaces/share/formation_interfaces/package.xml
[2.351s] Invoked command in '/home/abdoulaziz/swarm/formation_ws/build/formation_interfaces' returned '0': CMAKE_PREFIX_PATH=/opt/ros/humble /usr/bin/cmake --install /home/abdoulaziz/swarm/formation_ws/build/formation_interfaces
