/home/abdoulaziz/swarm/formation_ws/install/formation_core/lib/python3.10/site-packages/formation_core/__init__.py
/home/abdoulaziz/swarm/formation_ws/install/formation_core/lib/python3.10/site-packages/formation_core/types.py
/home/abdoulaziz/swarm/formation_ws/install/formation_core/lib/python3.10/site-packages/formation_core/formations/triangle.py
/home/abdoulaziz/swarm/formation_ws/install/formation_core/lib/python3.10/site-packages/formation_core/formations/base.py
/home/abdoulaziz/swarm/formation_ws/install/formation_core/lib/python3.10/site-packages/formation_core/formations/__init__.py
/home/abdoulaziz/swarm/formation_ws/install/formation_core/lib/python3.10/site-packages/formation_core/trajectories/circle.py
/home/abdoulaziz/swarm/formation_ws/install/formation_core/lib/python3.10/site-packages/formation_core/trajectories/base.py
/home/abdoulaziz/swarm/formation_ws/install/formation_core/lib/python3.10/site-packages/formation_core/trajectories/waypoint.py
/home/abdoulaziz/swarm/formation_ws/install/formation_core/lib/python3.10/site-packages/formation_core/trajectories/registry.py
/home/abdoulaziz/swarm/formation_ws/install/formation_core/lib/python3.10/site-packages/formation_core/trajectories/__init__.py
/home/abdoulaziz/swarm/formation_ws/install/formation_core/lib/python3.10/site-packages/formation_core/feedback/consensus.py
/home/abdoulaziz/swarm/formation_ws/install/formation_core/lib/python3.10/site-packages/formation_core/feedback/zero.py
/home/abdoulaziz/swarm/formation_ws/install/formation_core/lib/python3.10/site-packages/formation_core/feedback/base.py
/home/abdoulaziz/swarm/formation_ws/install/formation_core/lib/python3.10/site-packages/formation_core/feedback/registry.py
/home/abdoulaziz/swarm/formation_ws/install/formation_core/lib/python3.10/site-packages/formation_core/feedback/__init__.py
/home/abdoulaziz/swarm/formation_ws/install/formation_core/lib/python3.10/site-packages/formation_core/math/frames.py
/home/abdoulaziz/swarm/formation_ws/install/formation_core/lib/python3.10/site-packages/formation_core/math/yaw.py
/home/abdoulaziz/swarm/formation_ws/install/formation_core/lib/python3.10/site-packages/formation_core/math/__init__.py
/home/abdoulaziz/swarm/formation_ws/install/formation_core/lib/python3.10/site-packages/formation_core/__pycache__/__init__.cpython-310.pyc
/home/abdoulaziz/swarm/formation_ws/install/formation_core/lib/python3.10/site-packages/formation_core/__pycache__/types.cpython-310.pyc
/home/abdoulaziz/swarm/formation_ws/install/formation_core/lib/python3.10/site-packages/formation_core/formations/__pycache__/triangle.cpython-310.pyc
/home/abdoulaziz/swarm/formation_ws/install/formation_core/lib/python3.10/site-packages/formation_core/formations/__pycache__/base.cpython-310.pyc
/home/abdoulaziz/swarm/formation_ws/install/formation_core/lib/python3.10/site-packages/formation_core/formations/__pycache__/__init__.cpython-310.pyc
/home/abdoulaziz/swarm/formation_ws/install/formation_core/lib/python3.10/site-packages/formation_core/trajectories/__pycache__/circle.cpython-310.pyc
/home/abdoulaziz/swarm/formation_ws/install/formation_core/lib/python3.10/site-packages/formation_core/trajectories/__pycache__/base.cpython-310.pyc
/home/abdoulaziz/swarm/formation_ws/install/formation_core/lib/python3.10/site-packages/formation_core/trajectories/__pycache__/waypoint.cpython-310.pyc
/home/abdoulaziz/swarm/formation_ws/install/formation_core/lib/python3.10/site-packages/formation_core/trajectories/__pycache__/registry.cpython-310.pyc
/home/abdoulaziz/swarm/formation_ws/install/formation_core/lib/python3.10/site-packages/formation_core/trajectories/__pycache__/__init__.cpython-310.pyc
/home/abdoulaziz/swarm/formation_ws/install/formation_core/lib/python3.10/site-packages/formation_core/feedback/__pycache__/consensus.cpython-310.pyc
/home/abdoulaziz/swarm/formation_ws/install/formation_core/lib/python3.10/site-packages/formation_core/feedback/__pycache__/zero.cpython-310.pyc
/home/abdoulaziz/swarm/formation_ws/install/formation_core/lib/python3.10/site-packages/formation_core/feedback/__pycache__/base.cpython-310.pyc
/home/abdoulaziz/swarm/formation_ws/install/formation_core/lib/python3.10/site-packages/formation_core/feedback/__pycache__/registry.cpython-310.pyc
/home/abdoulaziz/swarm/formation_ws/install/formation_core/lib/python3.10/site-packages/formation_core/feedback/__pycache__/__init__.cpython-310.pyc
/home/abdoulaziz/swarm/formation_ws/install/formation_core/lib/python3.10/site-packages/formation_core/math/__pycache__/frames.cpython-310.pyc
/home/abdoulaziz/swarm/formation_ws/install/formation_core/lib/python3.10/site-packages/formation_core/math/__pycache__/yaw.cpython-310.pyc
/home/abdoulaziz/swarm/formation_ws/install/formation_core/lib/python3.10/site-packages/formation_core/math/__pycache__/__init__.cpython-310.pyc
/home/abdoulaziz/swarm/formation_ws/install/formation_core/share/ament_index/resource_index/packages/formation_core
/home/abdoulaziz/swarm/formation_ws/install/formation_core/share/formation_core/package.xml
/home/abdoulaziz/swarm/formation_ws/install/formation_core/lib/python3.10/site-packages/formation_core-0.1.0-py3.10.egg-info/PKG-INFO
/home/abdoulaziz/swarm/formation_ws/install/formation_core/lib/python3.10/site-packages/formation_core-0.1.0-py3.10.egg-info/entry_points.txt
/home/abdoulaziz/swarm/formation_ws/install/formation_core/lib/python3.10/site-packages/formation_core-0.1.0-py3.10.egg-info/requires.txt
/home/abdoulaziz/swarm/formation_ws/install/formation_core/lib/python3.10/site-packages/formation_core-0.1.0-py3.10.egg-info/zip-safe
/home/abdoulaziz/swarm/formation_ws/install/formation_core/lib/python3.10/site-packages/formation_core-0.1.0-py3.10.egg-info/dependency_links.txt
/home/abdoulaziz/swarm/formation_ws/install/formation_core/lib/python3.10/site-packages/formation_core-0.1.0-py3.10.egg-info/top_level.txt
/home/abdoulaziz/swarm/formation_ws/install/formation_core/lib/python3.10/site-packages/formation_core-0.1.0-py3.10.egg-info/SOURCES.txt
