running egg_info
creating ../../build/formation_bringup/formation_bringup.egg-info
writing ../../build/formation_bringup/formation_bringup.egg-info/PKG-INFO
writing dependency_links to ../../build/formation_bringup/formation_bringup.egg-info/dependency_links.txt
writing entry points to ../../build/formation_bringup/formation_bringup.egg-info/entry_points.txt
writing requirements to ../../build/formation_bringup/formation_bringup.egg-info/requires.txt
writing top-level names to ../../build/formation_bringup/formation_bringup.egg-info/top_level.txt
writing manifest file '../../build/formation_bringup/formation_bringup.egg-info/SOURCES.txt'
reading manifest file '../../build/formation_bringup/formation_bringup.egg-info/SOURCES.txt'
writing manifest file '../../build/formation_bringup/formation_bringup.egg-info/SOURCES.txt'
running build
running build_py
creating /home/abdoulaziz/swarm/formation_ws/build/formation_bringup/build
creating /home/abdoulaziz/swarm/formation_ws/build/formation_bringup/build/lib
creating /home/abdoulaziz/swarm/formation_ws/build/formation_bringup/build/lib/formation_bringup
copying formation_bringup/__init__.py -> /home/abdoulaziz/swarm/formation_ws/build/formation_bringup/build/lib/formation_bringup
running install
running install_lib
creating /home/abdoulaziz/swarm/formation_ws/install/formation_bringup/lib/python3.10/site-packages/formation_bringup
copying /home/abdoulaziz/swarm/formation_ws/build/formation_bringup/build/lib/formation_bringup/__init__.py -> /home/abdoulaziz/swarm/formation_ws/install/formation_bringup/lib/python3.10/site-packages/formation_bringup
byte-compiling /home/abdoulaziz/swarm/formation_ws/install/formation_bringup/lib/python3.10/site-packages/formation_bringup/__init__.py to __init__.cpython-310.pyc
running install_data
creating /home/abdoulaziz/swarm/formation_ws/install/formation_bringup/share/ament_index
creating /home/abdoulaziz/swarm/formation_ws/install/formation_bringup/share/ament_index/resource_index
creating /home/abdoulaziz/swarm/formation_ws/install/formation_bringup/share/ament_index/resource_index/packages
copying resource/formation_bringup -> /home/abdoulaziz/swarm/formation_ws/install/formation_bringup/share/ament_index/resource_index/packages
copying package.xml -> /home/abdoulaziz/swarm/formation_ws/install/formation_bringup/share/formation_bringup
creating /home/abdoulaziz/swarm/formation_ws/install/formation_bringup/share/formation_bringup/launch
copying launch/formation.launch.py -> /home/abdoulaziz/swarm/formation_ws/install/formation_bringup/share/formation_bringup/launch
creating /home/abdoulaziz/swarm/formation_ws/install/formation_bringup/share/formation_bringup/config
copying config/formation.yaml -> /home/abdoulaziz/swarm/formation_ws/install/formation_bringup/share/formation_bringup/config
creating /home/abdoulaziz/swarm/formation_ws/install/formation_bringup/share/formation_bringup/scripts
copying scripts/start_px4_instances.sh -> /home/abdoulaziz/swarm/formation_ws/install/formation_bringup/share/formation_bringup/scripts
running install_egg_info
Copying ../../build/formation_bringup/formation_bringup.egg-info to /home/abdoulaziz/swarm/formation_ws/install/formation_bringup/lib/python3.10/site-packages/formation_bringup-0.1.0-py3.10.egg-info
running install_scripts
writing list of installed files to '/home/abdoulaziz/swarm/formation_ws/build/formation_bringup/install.log'
