running egg_info
writing ../../build/formation_control/formation_control.egg-info/PKG-INFO
writing dependency_links to ../../build/formation_control/formation_control.egg-info/dependency_links.txt
writing entry points to ../../build/formation_control/formation_control.egg-info/entry_points.txt
writing requirements to ../../build/formation_control/formation_control.egg-info/requires.txt
writing top-level names to ../../build/formation_control/formation_control.egg-info/top_level.txt
reading manifest file '../../build/formation_control/formation_control.egg-info/SOURCES.txt'
writing manifest file '../../build/formation_control/formation_control.egg-info/SOURCES.txt'
running build
running build_py
copying formation_control/px4_io.py -> /home/abdoulaziz/swarm/formation_ws/build/formation_control/build/lib/formation_control
running install
running install_lib
copying /home/abdoulaziz/swarm/formation_ws/build/formation_control/build/lib/formation_control/px4_io.py -> /home/abdoulaziz/swarm/formation_ws/install/formation_control/lib/python3.10/site-packages/formation_control
byte-compiling /home/abdoulaziz/swarm/formation_ws/install/formation_control/lib/python3.10/site-packages/formation_control/px4_io.py to px4_io.cpython-310.pyc
running install_data
running install_egg_info
removing '/home/abdoulaziz/swarm/formation_ws/install/formation_control/lib/python3.10/site-packages/formation_control-0.1.0-py3.10.egg-info' (and everything under it)
Copying ../../build/formation_control/formation_control.egg-info to /home/abdoulaziz/swarm/formation_ws/install/formation_control/lib/python3.10/site-packages/formation_control-0.1.0-py3.10.egg-info
running install_scripts
Installing coordinator script to /home/abdoulaziz/swarm/formation_ws/install/formation_control/lib/formation_control
Installing drone_interface script to /home/abdoulaziz/swarm/formation_ws/install/formation_control/lib/formation_control
writing list of installed files to '/home/abdoulaziz/swarm/formation_ws/build/formation_control/install.log'
