[0.346s] Invoking command in '/home/abdoulaziz/swarm/formation_ws/src/formation_control': AMENT_PREFIX_PATH=/home/abdoulaziz/swarm/formation_ws/install/formation_core:/home/abdoulaziz/swarm/formation_ws/install/formation_bringup:/home/abdoulaziz/swarm/formation_ws/install/formation_control:/home/abdoulaziz/swarm/formation_ws/install/px4_msgs:/home/abdoulaziz/swarm/formation_ws/install/formation_interfaces:/opt/ros/humble PYTHONPATH=/home/abdoulaziz/swarm/formation_ws/build/formation_control/prefix_override:/usr/lib/python3/dist-packages/colcon_core/task/python/colcon_distutils_commands:/home/abdoulaziz/swarm/formation_ws/install/formation_control/lib/python3.10/site-packages:/home/abdoulaziz/swarm/formation_ws/install/formation_core/lib/python3.10/site-packages:/home/abdoulaziz/swarm/formation_ws/install/formation_bringup/lib/python3.10/site-packages:/home/abdoulaziz/swarm/formation_ws/install/formation_control/lib/python3.10/site-packages:/home/abdoulaziz/swarm/formation_ws/install/px4_msgs/local/lib/python3.10/dist-packages:/home/abdoulaziz/swarm/formation_ws/install/formation_interfaces/local/lib/python3.10/dist-packages:/opt/ros/humble/lib/python3.10/site-packages:/opt/ros/humble/local/lib/python3.10/dist-packages /usr/bin/python3 -W ignore:setup.py install is deprecated -W ignore:easy_install command is deprecated setup.py egg_info --egg-base ../../build/formation_control build --build-base /home/abdoulaziz/swarm/formation_ws/build/formation_control/build install --record /home/abdoulaziz/swarm/formation_ws/build/formation_control/install.log --single-version-externally-managed install_data
[0.469s] running egg_info
[0.469s] writing ../../build/formation_control/formation_control.egg-info/PKG-INFO
[0.469s] writing dependency_links to ../../build/formation_control/formation_control.egg-info/dependency_links.txt
[0.469s] writing entry points to ../../build/formation_control/formation_control.egg-info/entry_points.txt
[0.469s] writing requirements to ../../build/formation_control/formation_control.egg-info/requires.txt
[0.469s] writing top-level names to ../../build/formation_control/formation_control.egg-info/top_level.txt
[0.470s] reading manifest file '../../build/formation_control/formation_control.egg-info/SOURCES.txt'
[0.470s] writing manifest file '../../build/formation_control/formation_control.egg-info/SOURCES.txt'
[0.470s] running build
[0.471s] running build_py
[0.471s] copying formation_control/px4_io.py -> /home/abdoulaziz/swarm/formation_ws/build/formation_control/build/lib/formation_control
[0.471s] running install
[0.471s] running install_lib
[0.471s] copying /home/abdoulaziz/swarm/formation_ws/build/formation_control/build/lib/formation_control/px4_io.py -> /home/abdoulaziz/swarm/formation_ws/install/formation_control/lib/python3.10/site-packages/formation_control
[0.472s] byte-compiling /home/abdoulaziz/swarm/formation_ws/install/formation_control/lib/python3.10/site-packages/formation_control/px4_io.py to px4_io.cpython-310.pyc
[0.472s] running install_data
[0.472s] running install_egg_info
[0.473s] removing '/home/abdoulaziz/swarm/formation_ws/install/formation_control/lib/python3.10/site-packages/formation_control-0.1.0-py3.10.egg-info' (and everything under it)
[0.473s] Copying ../../build/formation_control/formation_control.egg-info to /home/abdoulaziz/swarm/formation_ws/install/formation_control/lib/python3.10/site-packages/formation_control-0.1.0-py3.10.egg-info
[0.474s] running install_scripts
[0.484s] Installing coordinator script to /home/abdoulaziz/swarm/formation_ws/install/formation_control/lib/formation_control
[0.484s] Installing drone_interface script to /home/abdoulaziz/swarm/formation_ws/install/formation_control/lib/formation_control
[0.484s] writing list of installed files to '/home/abdoulaziz/swarm/formation_ws/build/formation_control/install.log'
[0.496s] Invoked command in '/home/abdoulaziz/swarm/formation_ws/src/formation_control' returned '0': AMENT_PREFIX_PATH=/home/abdoulaziz/swarm/formation_ws/install/formation_core:/home/abdoulaziz/swarm/formation_ws/install/formation_bringup:/home/abdoulaziz/swarm/formation_ws/install/formation_control:/home/abdoulaziz/swarm/formation_ws/install/px4_msgs:/home/abdoulaziz/swarm/formation_ws/install/formation_interfaces:/opt/ros/humble PYTHONPATH=/home/abdoulaziz/swarm/formation_ws/build/formation_control/prefix_override:/usr/lib/python3/dist-packages/colcon_core/task/python/colcon_distutils_commands:/home/abdoulaziz/swarm/formation_ws/install/formation_control/lib/python3.10/site-packages:/home/abdoulaziz/swarm/formation_ws/install/formation_core/lib/python3.10/site-packages:/home/abdoulaziz/swarm/formation_ws/install/formation_bringup/lib/python3.10/site-packages:/home/abdoulaziz/swarm/formation_ws/install/formation_control/lib/python3.10/site-packages:/home/abdoulaziz/swarm/formation_ws/install/px4_msgs/local/lib/python3.10/dist-packages:/home/abdoulaziz/swarm/formation_ws/install/formation_interfaces/local/lib/python3.10/dist-packages:/opt/ros/humble/lib/python3.10/site-packages:/opt/ros/humble/local/lib/python3.10/dist-packages /usr/bin/python3 -W ignore:setup.py install is deprecated -W ignore:easy_install command is deprecated setup.py egg_info --egg-base ../../build/formation_control build --build-base /home/abdoulaziz/swarm/formation_ws/build/formation_control/build install --record /home/abdoulaziz/swarm/formation_ws/build/formation_control/install.log --single-version-externally-managed install_data
